<?xml version="1.0" encoding="UTF-8"?>
<!-- Generated by org.testng.reporters.JUnitXMLReporter -->
<testsuite ignored="0" hostname="LAPTOP-8EPSLGPA" failures="2" tests="8" name="Test" time="0.144" errors="0" timestamp="2024-01-07T17:41:40 IST">
  <testcase classname="testNgStudy.MyClass" name="b" time="0.022">
    <failure type="java.lang.AssertionError" message="null">
      <![CDATA[java.lang.AssertionError: null
at testNgStudy.MyClass.b(MyClass.java:18)
at java.base/java.util.ArrayList.forEach(ArrayList.java:1511)
... Removed 29 stack frames]]>
    </failure>
  </testcase> <!-- b -->
  <testcase classname="testNgStudy.MyClass" name="d" time="0.001"/>
  <testcase classname="testNgStudy.MyClass" name="a" time="0.003"/>
  <testcase classname="testNgStudy.MyClass" name="c" time="0.0">
    <skipped/>
  </testcase> <!-- c -->
  <testcase classname="testNgStudy.MyClass2" name="e" time="0.003"/>
  <testcase classname="testNgStudy.MyClass2" name="f" time="0.002">
    <failure type="java.lang.AssertionError" message="null">
      <![CDATA[java.lang.AssertionError: null
at testNgStudy.MyClass2.f(MyClass2.java:21)
at java.base/java.util.ArrayList.forEach(ArrayList.java:1511)
... Removed 29 stack frames]]>
    </failure>
  </testcase> <!-- f -->
  <testcase classname="testNgStudy.MyClass2" name="h" time="0.001"/>
  <testcase classname="testNgStudy.MyClass2" name="g" time="0.0">
    <skipped/>
  </testcase> <!-- g -->
</testsuite> <!-- Test -->
