<?xml version="1.0" encoding="UTF-8"?>
<!-- Generated by org.testng.reporters.JUnitXMLReporter -->
<testsuite ignored="2" hostname="LAPTOP-8EPSLGPA" failures="2" tests="3" name="Default test(failed)(failed)" time="0.075" errors="0" timestamp="2023-12-25T18:53:38 IST">
  <testcase classname="testNGxmlUse.Eg1" name="TC4" time="0.011">
    <failure type="java.lang.AssertionError" message="null">
      <![CDATA[java.lang.AssertionError: null
at testNGxmlUse.Eg1.TC4(Eg1.java:32)
at java.base/java.util.ArrayList.forEach(ArrayList.java:1511)
... Removed 29 stack frames]]>
    </failure>
  </testcase> <!-- TC4 -->
  <testcase classname="testNGxmlUse.Eg1" name="TC5" time="0.003">
    <failure type="java.lang.AssertionError" message="null">
      <![CDATA[java.lang.AssertionError: null
at testNGxmlUse.Eg1.TC5(Eg1.java:39)
at java.base/java.util.ArrayList.forEach(ArrayList.java:1511)
... Removed 29 stack frames]]>
    </failure>
  </testcase> <!-- TC5 -->
  <testcase classname="testNGxmlUse.Eg1" name="TC3" time="0.001"/>
  <testcase classname="testNGxmlUse.Eg1" name="TC2" time="0.0">
    <ignored/>
  </testcase> <!-- TC2 -->
  <testcase classname="testNGxmlUse.Eg1" name="TC1" time="0.0">
    <ignored/>
  </testcase> <!-- TC1 -->
</testsuite> <!-- Default test(failed)(failed) -->
