<?xml version="1.0" encoding="UTF-8"?>
<!-- Generated by org.testng.reporters.JUnitXMLReporter -->
<testsuite ignored="3" hostname="LAPTOP-8EPSLGPA" failures="1" tests="2" name="Default test(failed)(failed)(failed)" time="0.065" errors="0" timestamp="2023-12-25T18:54:06 IST">
  <testcase classname="testNGxmlUse.Eg1" name="TC4" time="0.009"/>
  <testcase classname="testNGxmlUse.Eg1" name="TC5" time="0.004">
    <failure type="java.lang.AssertionError" message="null">
      <![CDATA[java.lang.AssertionError: null
at testNGxmlUse.Eg1.TC5(Eg1.java:39)
at java.base/java.util.ArrayList.forEach(ArrayList.java:1511)
... Removed 29 stack frames]]>
    </failure>
  </testcase> <!-- TC5 -->
  <testcase classname="testNGxmlUse.Eg1" name="TC2" time="0.0">
    <ignored/>
  </testcase> <!-- TC2 -->
  <testcase classname="testNGxmlUse.Eg1" name="TC1" time="0.0">
    <ignored/>
  </testcase> <!-- TC1 -->
  <testcase classname="testNGxmlUse.Eg1" name="TC3" time="0.0">
    <ignored/>
  </testcase> <!-- TC3 -->
</testsuite> <!-- Default test(failed)(failed)(failed) -->
