<?xml version="1.0" encoding="UTF-8"?>
<testng-results ignored="0" total="1" passed="1" failed="0" skipped="0">
  <reporter-output>
    <line>
      <![CDATA[Launching Browser]]>
    </line>
    <line>
      <![CDATA[Reading data from excel sheet]]>
    </line>
    <line>
      <![CDATA[Reading data from excel sheet]]>
    </line>
    <line>
      <![CDATA[validate_Pincode_ErrorMsg execution is started]]>
    </line>
    <line>
      <![CDATA[Validating Pincode Error Msg]]>
    </line>
    <line>
      <![CDATA[TC IS Passed]]>
    </line>
    <line>
      <![CDATA[validate_Pincode_ErrorMsg is completed successfully]]>
    </line>
    <line>
      <![CDATA[Closing Browser]]>
    </line>
  </reporter-output>
  <suite started-at="2024-01-08T15:20:01 IST" name="Default suite" finished-at="2024-01-08T15:20:23 IST" duration-ms="21854">
    <groups>
    </groups>
    <test started-at="2024-01-08T15:20:01 IST" name="Default test" finished-at="2024-01-08T15:20:23 IST" duration-ms="21854">
      <class name="coverFoxTest.CF_002Validate_Pincode_Error_Msg">
        <test-method is-config="true" signature="launchBrowser()[pri:0, instance:coverFoxTest.CF_002Validate_Pincode_Error_Msg@510f3d34]" started-at="2024-01-08T15:20:01 IST" name="launchBrowser" finished-at="2024-01-08T15:20:11 IST" duration-ms="9384" status="PASS">
          <reporter-output>
            <line>
              <![CDATA[Launching Browser]]>
            </line>
          </reporter-output>
        </test-method> <!-- launchBrowser -->
        <test-method is-config="true" signature="enterUserDetails()[pri:0, instance:coverFoxTest.CF_002Validate_Pincode_Error_Msg@510f3d34]" started-at="2024-01-08T15:20:11 IST" name="enterUserDetails" finished-at="2024-01-08T15:20:18 IST" duration-ms="7309" status="PASS">
          <reporter-output>
            <line>
              <![CDATA[Reading data from excel sheet]]>
            </line>
            <line>
              <![CDATA[Reading data from excel sheet]]>
            </line>
          </reporter-output>
        </test-method> <!-- enterUserDetails -->
        <test-method signature="validate_Pincode_ErrorMsg()[pri:0, instance:coverFoxTest.CF_002Validate_Pincode_Error_Msg@510f3d34]" started-at="2024-01-08T15:20:18 IST" name="validate_Pincode_ErrorMsg" finished-at="2024-01-08T15:20:18 IST" duration-ms="96" status="PASS">
          <reporter-output>
            <line>
              <![CDATA[validate_Pincode_ErrorMsg execution is started]]>
            </line>
            <line>
              <![CDATA[Validating Pincode Error Msg]]>
            </line>
            <line>
              <![CDATA[TC IS Passed]]>
            </line>
            <line>
              <![CDATA[validate_Pincode_ErrorMsg is completed successfully]]>
            </line>
          </reporter-output>
        </test-method> <!-- validate_Pincode_ErrorMsg -->
        <test-method is-config="true" signature="closeBrowser()[pri:0, instance:coverFoxTest.CF_002Validate_Pincode_Error_Msg@510f3d34]" started-at="2024-01-08T15:20:18 IST" name="closeBrowser" finished-at="2024-01-08T15:20:23 IST" duration-ms="5016" status="PASS">
          <reporter-output>
            <line>
              <![CDATA[Closing Browser]]>
            </line>
          </reporter-output>
        </test-method> <!-- closeBrowser -->
      </class> <!-- coverFoxTest.CF_002Validate_Pincode_Error_Msg -->
    </test> <!-- Default test -->
  </suite> <!-- Default suite -->
</testng-results>
