<?xml version="1.0" encoding="UTF-8"?>
<!-- Generated by org.testng.reporters.JUnitReportReporter -->
<testsuite hostname="LAPTOP-8EPSLGPA" failures="0" tests="2" name="coverFoxUsingTestNG.CF_002Validate_Pincode_Error_Msg" time="0.017" errors="1" timestamp="2024-01-08T15:16:50 IST" skipped="1">
  <testcase classname="coverFoxUsingTestNG.CF_002Validate_Pincode_Error_Msg" name="validate_Pincode_ErrorMsg" time="0.000">
    <skipped/>
    <system-out>
      <![CDATA[validate_Pincode_ErrorMsg is skipped, please check dependent method]]>
    </system-out>
  </testcase> <!-- validate_Pincode_ErrorMsg -->
  <testcase classname="coverFoxUsingTestNG.CF_002Validate_Pincode_Error_Msg" name="launchCoverFox" time="0.017">
    <error type="java.lang.StackOverflowError">
      <![CDATA[java.lang.StackOverflowError
at coverFoxUsingTestNG.CF_002Validate_Pincode_Error_Msg.launchCoverFox(CF_002Validate_Pincode_Error_Msg.java:32)
at coverFoxUsingTestNG.CF_002Validate_Pincode_Error_Msg.launchCoverFox(CF_002Validate_Pincode_Error_Msg.java:32)
at coverFoxUsingTestNG.CF_002Validate_Pincode_Error_Msg.launchCoverFox(CF_002Validate_Pincode_Error_Msg.java:32)
at coverFoxUsingTestNG.CF_002Validate_Pincode_Error_Msg.launchCoverFox(CF_002Validate_Pincode_Error_Msg.java:32)
at coverFoxUsingTestNG.CF_002Validate_Pincode_Error_Msg.launchCoverFox(CF_002Validate_Pincode_Error_Msg.java:32)
at coverFoxUsingTestNG.CF_002Validate_Pincode_Error_Msg.launchCoverFox(CF_002Validate_Pincode_Error_Msg.java:32)
at coverFoxUsingTestNG.CF_002Validate_Pincode_Error_Msg.launchCoverFox(CF_002Validate_Pincode_Error_Msg.java:32)
at coverFoxUsingTestNG.CF_002Validate_Pincode_Error_Msg.launchCoverFox(CF_002Validate_Pincode_Error_Msg.java:32)
at coverFoxUsingTestNG.CF_002Validate_Pincode_Error_Msg.launchCoverFox(CF_002Validate_Pincode_Error_Msg.java:32)
at coverFoxUsingTestNG.CF_002Validate_Pincode_Error_Msg.launchCoverFox(CF_002Validate_Pincode_Error_Msg.java:32)
at coverFoxUsingTestNG.CF_002Validate_Pincode_Error_Msg.launchCoverFox(CF_002Validate_Pincode_Error_Msg.java:32)
at coverFoxUsingTestNG.CF_002Validate_Pincode_Error_Msg.launchCoverFox(CF_002Validate_Pincode_Error_Msg.java:32)
at coverFoxUsingTestNG.CF_002Validate_Pincode_Error_Msg.launchCoverFox(CF_002Validate_Pincode_Error_Msg.java:32)
at coverFoxUsingTestNG.CF_002Validate_Pincode_Error_Msg.launchCoverFox(CF_002Validate_Pincode_Error_Msg.java:32)
at coverFoxUsingTestNG.CF_002Validate_Pincode_Error_Msg.launchCoverFox(CF_002Validate_Pincode_Error_Msg.java:32)
at coverFoxUsingTestNG.CF_002Validate_Pincode_Error_Msg.launchCoverFox(CF_002Validate_Pincode_Error_Msg.java:32)
at coverFoxUsingTestNG.CF_002Validate_Pincode_Error_Msg.launchCoverFox(CF_002Validate_Pincode_Error_Msg.java:32)
at coverFoxUsingTestNG.CF_002Validate_Pincode_Error_Msg.launchCoverFox(CF_002Validate_Pincode_Error_Msg.java:32)
at coverFoxUsingTestNG.CF_002Validate_Pincode_Error_Msg.launchCoverFox(CF_002Validate_Pincode_Error_Msg.java:32)
at coverFoxUsingTestNG.CF_002Validate_Pincode_Error_Msg.launchCoverFox(CF_002Validate_Pincode_Error_Msg.java:32)
at coverFoxUsingTestNG.CF_002Validate_Pincode_Error_Msg.launchCoverFox(CF_002Validate_Pincode_Error_Msg.java:32)
at coverFoxUsingTestNG.CF_002Validate_Pincode_Error_Msg.launchCoverFox(CF_002Validate_Pincode_Error_Msg.java:32)
at coverFoxUsingTestNG.CF_002Validate_Pincode_Error_Msg.launchCoverFox(CF_002Validate_Pincode_Error_Msg.java:32)
at coverFoxUsingTestNG.CF_002Validate_Pincode_Error_Msg.launchCoverFox(CF_002Validate_Pincode_Error_Msg.java:32)
at coverFoxUsingTestNG.CF_002Validate_Pincode_Error_Msg.launchCoverFox(CF_002Validate_Pincode_Error_Msg.java:32)
at coverFoxUsingTestNG.CF_002Validate_Pincode_Error_Msg.launchCoverFox(CF_002Validate_Pincode_Error_Msg.java:32)
at coverFoxUsingTestNG.CF_002Validate_Pincode_Error_Msg.launchCoverFox(CF_002Validate_Pincode_Error_Msg.java:32)
at coverFoxUsingTestNG.CF_002Validate_Pincode_Error_Msg.launchCoverFox(CF_002Validate_Pincode_Error_Msg.java:32)
at coverFoxUsingTestNG.CF_002Validate_Pincode_Error_Msg.launchCoverFox(CF_002Validate_Pincode_Error_Msg.java:32)
at coverFoxUsingTestNG.CF_002Validate_Pincode_Error_Msg.launchCoverFox(CF_002Validate_Pincode_Error_Msg.java:32)
at coverFoxUsingTestNG.CF_002Validate_Pincode_Error_Msg.launchCoverFox(CF_002Validate_Pincode_Error_Msg.java:32)
at coverFoxUsingTestNG.CF_002Validate_Pincode_Error_Msg.launchCoverFox(CF_002Validate_Pincode_Error_Msg.java:32)
at coverFoxUsingTestNG.CF_002Validate_Pincode_Error_Msg.launchCoverFox(CF_002Validate_Pincode_Error_Msg.java:32)
at coverFoxUsingTestNG.CF_002Validate_Pincode_Error_Msg.launchCoverFox(CF_002Validate_Pincode_Error_Msg.java:32)
at coverFoxUsingTestNG.CF_002Validate_Pincode_Error_Msg.launchCoverFox(CF_002Validate_Pincode_Error_Msg.java:32)
at coverFoxUsingTestNG.CF_002Validate_Pincode_Error_Msg.launchCoverFox(CF_002Validate_Pincode_Error_Msg.java:32)
at coverFoxUsingTestNG.CF_002Validate_Pincode_Error_Msg.launchCoverFox(CF_002Validate_Pincode_Error_Msg.java:32)
at coverFoxUsingTestNG.CF_002Validate_Pincode_Error_Msg.launchCoverFox(CF_002Validate_Pincode_Error_Msg.java:32)
at coverFoxUsingTestNG.CF_002Validate_Pincode_Error_Msg.launchCoverFox(CF_002Validate_Pincode_Error_Msg.java:32)
at coverFoxUsingTestNG.CF_002Validate_Pincode_Error_Msg.launchCoverFox(CF_002Validate_Pincode_Error_Msg.java:32)
at coverFoxUsingTestNG.CF_002Validate_Pincode_Error_Msg.launchCoverFox(CF_002Validate_Pincode_Error_Msg.java:32)
at coverFoxUsingTestNG.CF_002Validate_Pincode_Error_Msg.launchCoverFox(CF_002Validate_Pincode_Error_Msg.java:32)
at coverFoxUsingTestNG.CF_002Validate_Pincode_Error_Msg.launchCoverFox(CF_002Validate_Pincode_Error_Msg.java:32)
at coverFoxUsingTestNG.CF_002Validate_Pincode_Error_Msg.launchCoverFox(CF_002Validate_Pincode_Error_Msg.java:32)
at coverFoxUsingTestNG.CF_002Validate_Pincode_Error_Msg.launchCoverFox(CF_002Validate_Pincode_Error_Msg.java:32)
at coverFoxUsingTestNG.CF_002Validate_Pincode_Error_Msg.launchCoverFox(CF_002Validate_Pincode_Error_Msg.java:32)
at coverFoxUsingTestNG.CF_002Validate_Pincode_Error_Msg.launchCoverFox(CF_002Validate_Pincode_Error_Msg.java:32)
at coverFoxUsingTestNG.CF_002Validate_Pincode_Error_Msg.launchCoverFox(CF_002Validate_Pincode_Error_Msg.java:32)
at coverFoxUsingTestNG.CF_002Validate_Pincode_Error_Msg.launchCoverFox(CF_002Validate_Pincode_Error_Msg.java:32)
at coverFoxUsingTestNG.CF_002Validate_Pincode_Error_Msg.launchCoverFox(CF_002Validate_Pincode_Error_Msg.java:32)
at coverFoxUsingTestNG.CF_002Validate_Pincode_Error_Msg.launchCoverFox(CF_002Validate_Pincode_Error_Msg.java:32)
at coverFoxUsingTestNG.CF_002Validate_Pincode_Error_Msg.launchCoverFox(CF_002Validate_Pincode_Error_Msg.java:32)
at coverFoxUsingTestNG.CF_002Validate_Pincode_Error_Msg.launchCoverFox(CF_002Validate_Pincode_Error_Msg.java:32)
at coverFoxUsingTestNG.CF_002Validate_Pincode_Error_Msg.launchCoverFox(CF_002Validate_Pincode_Error_Msg.java:32)
at coverFoxUsingTestNG.CF_002Validate_Pincode_Error_Msg.launchCoverFox(CF_002Validate_Pincode_Error_Msg.java:32)
at coverFoxUsingTestNG.CF_002Validate_Pincode_Error_Msg.launchCoverFox(CF_002Validate_Pincode_Error_Msg.java:32)
at coverFoxUsingTestNG.CF_002Validate_Pincode_Error_Msg.launchCoverFox(CF_002Validate_Pincode_Error_Msg.java:32)
at coverFoxUsingTestNG.CF_002Validate_Pincode_Error_Msg.launchCoverFox(CF_002Validate_Pincode_Error_Msg.java:32)
at coverFoxUsingTestNG.CF_002Validate_Pincode_Error_Msg.launchCoverFox(CF_002Validate_Pincode_Error_Msg.java:32)
at coverFoxUsingTestNG.CF_002Validate_Pincode_Error_Msg.launchCoverFox(CF_002Validate_Pincode_Error_Msg.java:32)
at coverFoxUsingTestNG.CF_002Validate_Pincode_Error_Msg.launchCoverFox(CF_002Validate_Pincode_Error_Msg.java:32)
at coverFoxUsingTestNG.CF_002Validate_Pincode_Error_Msg.launchCoverFox(CF_002Validate_Pincode_Error_Msg.java:32)
at coverFoxUsingTestNG.CF_002Validate_Pincode_Error_Msg.launchCoverFox(CF_002Validate_Pincode_Error_Msg.java:32)
at coverFoxUsingTestNG.CF_002Validate_Pincode_Error_Msg.launchCoverFox(CF_002Validate_Pincode_Error_Msg.java:32)
at coverFoxUsingTestNG.CF_002Validate_Pincode_Error_Msg.launchCoverFox(CF_002Validate_Pincode_Error_Msg.java:32)
at coverFoxUsingTestNG.CF_002Validate_Pincode_Error_Msg.launchCoverFox(CF_002Validate_Pincode_Error_Msg.java:32)
at coverFoxUsingTestNG.CF_002Validate_Pincode_Error_Msg.launchCoverFox(CF_002Validate_Pincode_Error_Msg.java:32)
at coverFoxUsingTestNG.CF_002Validate_Pincode_Error_Msg.launchCoverFox(CF_002Validate_Pincode_Error_Msg.java:32)
at coverFoxUsingTestNG.CF_002Validate_Pincode_Error_Msg.launchCoverFox(CF_002Validate_Pincode_Error_Msg.java:32)
at coverFoxUsingTestNG.CF_002Validate_Pincode_Error_Msg.launchCoverFox(CF_002Validate_Pincode_Error_Msg.java:32)
at coverFoxUsingTestNG.CF_002Validate_Pincode_Error_Msg.launchCoverFox(CF_002Validate_Pincode_Error_Msg.java:32)
at coverFoxUsingTestNG.CF_002Validate_Pincode_Error_Msg.launchCoverFox(CF_002Validate_Pincode_Error_Msg.java:32)
at coverFoxUsingTestNG.CF_002Validate_Pincode_Error_Msg.launchCoverFox(CF_002Validate_Pincode_Error_Msg.java:32)
at coverFoxUsingTestNG.CF_002Validate_Pincode_Error_Msg.launchCoverFox(CF_002Validate_Pincode_Error_Msg.java:32)
at coverFoxUsingTestNG.CF_002Validate_Pincode_Error_Msg.launchCoverFox(CF_002Validate_Pincode_Error_Msg.java:32)
at coverFoxUsingTestNG.CF_002Validate_Pincode_Error_Msg.launchCoverFox(CF_002Validate_Pincode_Error_Msg.java:32)
at coverFoxUsingTestNG.CF_002Validate_Pincode_Error_Msg.launchCoverFox(CF_002Validate_Pincode_Error_Msg.java:32)
at coverFoxUsingTestNG.CF_002Validate_Pincode_Error_Msg.launchCoverFox(CF_002Validate_Pincode_Error_Msg.java:32)
at coverFoxUsingTestNG.CF_002Validate_Pincode_Error_Msg.launchCoverFox(CF_002Validate_Pincode_Error_Msg.java:32)
at coverFoxUsingTestNG.CF_002Validate_Pincode_Error_Msg.launchCoverFox(CF_002Validate_Pincode_Error_Msg.java:32)
at coverFoxUsingTestNG.CF_002Validate_Pincode_Error_Msg.launchCoverFox(CF_002Validate_Pincode_Error_Msg.java:32)
at coverFoxUsingTestNG.CF_002Validate_Pincode_Error_Msg.launchCoverFox(CF_002Validate_Pincode_Error_Msg.java:32)
at coverFoxUsingTestNG.CF_002Validate_Pincode_Error_Msg.launchCoverFox(CF_002Validate_Pincode_Error_Msg.java:32)
at coverFoxUsingTestNG.CF_002Validate_Pincode_Error_Msg.launchCoverFox(CF_002Validate_Pincode_Error_Msg.java:32)
at coverFoxUsingTestNG.CF_002Validate_Pincode_Error_Msg.launchCoverFox(CF_002Validate_Pincode_Error_Msg.java:32)
at coverFoxUsingTestNG.CF_002Validate_Pincode_Error_Msg.launchCoverFox(CF_002Validate_Pincode_Error_Msg.java:32)
at coverFoxUsingTestNG.CF_002Validate_Pincode_Error_Msg.launchCoverFox(CF_002Validate_Pincode_Error_Msg.java:32)
at coverFoxUsingTestNG.CF_002Validate_Pincode_Error_Msg.launchCoverFox(CF_002Validate_Pincode_Error_Msg.java:32)
at coverFoxUsingTestNG.CF_002Validate_Pincode_Error_Msg.launchCoverFox(CF_002Validate_Pincode_Error_Msg.java:32)
at coverFoxUsingTestNG.CF_002Validate_Pincode_Error_Msg.launchCoverFox(CF_002Validate_Pincode_Error_Msg.java:32)
at coverFoxUsingTestNG.CF_002Validate_Pincode_Error_Msg.launchCoverFox(CF_002Validate_Pincode_Error_Msg.java:32)
at coverFoxUsingTestNG.CF_002Validate_Pincode_Error_Msg.launchCoverFox(CF_002Validate_Pincode_Error_Msg.java:32)
at coverFoxUsingTestNG.CF_002Validate_Pincode_Error_Msg.launchCoverFox(CF_002Validate_Pincode_Error_Msg.java:32)
at coverFoxUsingTestNG.CF_002Validate_Pincode_Error_Msg.launchCoverFox(CF_002Validate_Pincode_Error_Msg.java:32)
at coverFoxUsingTestNG.CF_002Validate_Pincode_Error_Msg.launchCoverFox(CF_002Validate_Pincode_Error_Msg.java:32)
at coverFoxUsingTestNG.CF_002Validate_Pincode_Error_Msg.launchCoverFox(CF_002Validate_Pincode_Error_Msg.java:32)
at coverFoxUsingTestNG.CF_002Validate_Pincode_Error_Msg.launchCoverFox(CF_002Validate_Pincode_Error_Msg.java:32)
at coverFoxUsingTestNG.CF_002Validate_Pincode_Error_Msg.launchCoverFox(CF_002Validate_Pincode_Error_Msg.java:32)
at coverFoxUsingTestNG.CF_002Validate_Pincode_Error_Msg.launchCoverFox(CF_002Validate_Pincode_Error_Msg.java:32)
at coverFoxUsingTestNG.CF_002Validate_Pincode_Error_Msg.launchCoverFox(CF_002Validate_Pincode_Error_Msg.java:32)
at coverFoxUsingTestNG.CF_002Validate_Pincode_Error_Msg.launchCoverFox(CF_002Validate_Pincode_Error_Msg.java:32)
at coverFoxUsingTestNG.CF_002Validate_Pincode_Error_Msg.launchCoverFox(CF_002Validate_Pincode_Error_Msg.java:32)
at coverFoxUsingTestNG.CF_002Validate_Pincode_Error_Msg.launchCoverFox(CF_002Validate_Pincode_Error_Msg.java:32)
at coverFoxUsingTestNG.CF_002Validate_Pincode_Error_Msg.launchCoverFox(CF_002Validate_Pincode_Error_Msg.java:32)
at coverFoxUsingTestNG.CF_002Validate_Pincode_Error_Msg.launchCoverFox(CF_002Validate_Pincode_Error_Msg.java:32)
at coverFoxUsingTestNG.CF_002Validate_Pincode_Error_Msg.launchCoverFox(CF_002Validate_Pincode_Error_Msg.java:32)
at coverFoxUsingTestNG.CF_002Validate_Pincode_Error_Msg.launchCoverFox(CF_002Validate_Pincode_Error_Msg.java:32)
at coverFoxUsingTestNG.CF_002Validate_Pincode_Error_Msg.launchCoverFox(CF_002Validate_Pincode_Error_Msg.java:32)
at coverFoxUsingTestNG.CF_002Validate_Pincode_Error_Msg.launchCoverFox(CF_002Validate_Pincode_Error_Msg.java:32)
at coverFoxUsingTestNG.CF_002Validate_Pincode_Error_Msg.launchCoverFox(CF_002Validate_Pincode_Error_Msg.java:32)
at coverFoxUsingTestNG.CF_002Validate_Pincode_Error_Msg.launchCoverFox(CF_002Validate_Pincode_Error_Msg.java:32)
at coverFoxUsingTestNG.CF_002Validate_Pincode_Error_Msg.launchCoverFox(CF_002Validate_Pincode_Error_Msg.java:32)
at coverFoxUsingTestNG.CF_002Validate_Pincode_Error_Msg.launchCoverFox(CF_002Validate_Pincode_Error_Msg.java:32)
at coverFoxUsingTestNG.CF_002Validate_Pincode_Error_Msg.launchCoverFox(CF_002Validate_Pincode_Error_Msg.java:32)
at coverFoxUsingTestNG.CF_002Validate_Pincode_Error_Msg.launchCoverFox(CF_002Validate_Pincode_Error_Msg.java:32)
at coverFoxUsingTestNG.CF_002Validate_Pincode_Error_Msg.launchCoverFox(CF_002Validate_Pincode_Error_Msg.java:32)
at coverFoxUsingTestNG.CF_002Validate_Pincode_Error_Msg.launchCoverFox(CF_002Validate_Pincode_Error_Msg.java:32)
at coverFoxUsingTestNG.CF_002Validate_Pincode_Error_Msg.launchCoverFox(CF_002Validate_Pincode_Error_Msg.java:32)
at coverFoxUsingTestNG.CF_002Validate_Pincode_Error_Msg.launchCoverFox(CF_002Validate_Pincode_Error_Msg.java:32)
at coverFoxUsingTestNG.CF_002Validate_Pincode_Error_Msg.launchCoverFox(CF_002Validate_Pincode_Error_Msg.java:32)
at coverFoxUsingTestNG.CF_002Validate_Pincode_Error_Msg.launchCoverFox(CF_002Validate_Pincode_Error_Msg.java:32)
at coverFoxUsingTestNG.CF_002Validate_Pincode_Error_Msg.launchCoverFox(CF_002Validate_Pincode_Error_Msg.java:32)
at coverFoxUsingTestNG.CF_002Validate_Pincode_Error_Msg.launchCoverFox(CF_002Validate_Pincode_Error_Msg.java:32)
at coverFoxUsingTestNG.CF_002Validate_Pincode_Error_Msg.launchCoverFox(CF_002Validate_Pincode_Error_Msg.java:32)
at coverFoxUsingTestNG.CF_002Validate_Pincode_Error_Msg.launchCoverFox(CF_002Validate_Pincode_Error_Msg.java:32)
at coverFoxUsingTestNG.CF_002Validate_Pincode_Error_Msg.launchCoverFox(CF_002Validate_Pincode_Error_Msg.java:32)
at coverFoxUsingTestNG.CF_002Validate_Pincode_Error_Msg.launchCoverFox(CF_002Validate_Pincode_Error_Msg.java:32)
at coverFoxUsingTestNG.CF_002Validate_Pincode_Error_Msg.launchCoverFox(CF_002Validate_Pincode_Error_Msg.java:32)
at coverFoxUsingTestNG.CF_002Validate_Pincode_Error_Msg.launchCoverFox(CF_002Validate_Pincode_Error_Msg.java:32)
at coverFoxUsingTestNG.CF_002Validate_Pincode_Error_Msg.launchCoverFox(CF_002Validate_Pincode_Error_Msg.java:32)
at coverFoxUsingTestNG.CF_002Validate_Pincode_Error_Msg.launchCoverFox(CF_002Validate_Pincode_Error_Msg.java:32)
at coverFoxUsingTestNG.CF_002Validate_Pincode_Error_Msg.launchCoverFox(CF_002Validate_Pincode_Error_Msg.java:32)
at coverFoxUsingTestNG.CF_002Validate_Pincode_Error_Msg.launchCoverFox(CF_002Validate_Pincode_Error_Msg.java:32)
at coverFoxUsingTestNG.CF_002Validate_Pincode_Error_Msg.launchCoverFox(CF_002Validate_Pincode_Error_Msg.java:32)
at coverFoxUsingTestNG.CF_002Validate_Pincode_Error_Msg.launchCoverFox(CF_002Validate_Pincode_Error_Msg.java:32)
at coverFoxUsingTestNG.CF_002Validate_Pincode_Error_Msg.launchCoverFox(CF_002Validate_Pincode_Error_Msg.java:32)
at coverFoxUsingTestNG.CF_002Validate_Pincode_Error_Msg.launchCoverFox(CF_002Validate_Pincode_Error_Msg.java:32)
at coverFoxUsingTestNG.CF_002Validate_Pincode_Error_Msg.launchCoverFox(CF_002Validate_Pincode_Error_Msg.java:32)
at coverFoxUsingTestNG.CF_002Validate_Pincode_Error_Msg.launchCoverFox(CF_002Validate_Pincode_Error_Msg.java:32)
at coverFoxUsingTestNG.CF_002Validate_Pincode_Error_Msg.launchCoverFox(CF_002Validate_Pincode_Error_Msg.java:32)
at coverFoxUsingTestNG.CF_002Validate_Pincode_Error_Msg.launchCoverFox(CF_002Validate_Pincode_Error_Msg.java:32)
at coverFoxUsingTestNG.CF_002Validate_Pincode_Error_Msg.launchCoverFox(CF_002Validate_Pincode_Error_Msg.java:32)
at coverFoxUsingTestNG.CF_002Validate_Pincode_Error_Msg.launchCoverFox(CF_002Validate_Pincode_Error_Msg.java:32)
at coverFoxUsingTestNG.CF_002Validate_Pincode_Error_Msg.launchCoverFox(CF_002Validate_Pincode_Error_Msg.java:32)
at coverFoxUsingTestNG.CF_002Validate_Pincode_Error_Msg.launchCoverFox(CF_002Validate_Pincode_Error_Msg.java:32)
at coverFoxUsingTestNG.CF_002Validate_Pincode_Error_Msg.launchCoverFox(CF_002Validate_Pincode_Error_Msg.java:32)
at coverFoxUsingTestNG.CF_002Validate_Pincode_Error_Msg.launchCoverFox(CF_002Validate_Pincode_Error_Msg.java:32)
at coverFoxUsingTestNG.CF_002Validate_Pincode_Error_Msg.launchCoverFox(CF_002Validate_Pincode_Error_Msg.java:32)
at coverFoxUsingTestNG.CF_002Validate_Pincode_Error_Msg.launchCoverFox(CF_002Validate_Pincode_Error_Msg.java:32)
at coverFoxUsingTestNG.CF_002Validate_Pincode_Error_Msg.launchCoverFox(CF_002Validate_Pincode_Error_Msg.java:32)
at coverFoxUsingTestNG.CF_002Validate_Pincode_Error_Msg.launchCoverFox(CF_002Validate_Pincode_Error_Msg.java:32)
at coverFoxUsingTestNG.CF_002Validate_Pincode_Error_Msg.launchCoverFox(CF_002Validate_Pincode_Error_Msg.java:32)
at coverFoxUsingTestNG.CF_002Validate_Pincode_Error_Msg.launchCoverFox(CF_002Validate_Pincode_Error_Msg.java:32)
at coverFoxUsingTestNG.CF_002Validate_Pincode_Error_Msg.launchCoverFox(CF_002Validate_Pincode_Error_Msg.java:32)
at coverFoxUsingTestNG.CF_002Validate_Pincode_Error_Msg.launchCoverFox(CF_002Validate_Pincode_Error_Msg.java:32)
at coverFoxUsingTestNG.CF_002Validate_Pincode_Error_Msg.launchCoverFox(CF_002Validate_Pincode_Error_Msg.java:32)
at coverFoxUsingTestNG.CF_002Validate_Pincode_Error_Msg.launchCoverFox(CF_002Validate_Pincode_Error_Msg.java:32)
at coverFoxUsingTestNG.CF_002Validate_Pincode_Error_Msg.launchCoverFox(CF_002Validate_Pincode_Error_Msg.java:32)
at coverFoxUsingTestNG.CF_002Validate_Pincode_Error_Msg.launchCoverFox(CF_002Validate_Pincode_Error_Msg.java:32)
at coverFoxUsingTestNG.CF_002Validate_Pincode_Error_Msg.launchCoverFox(CF_002Validate_Pincode_Error_Msg.java:32)
at coverFoxUsingTestNG.CF_002Validate_Pincode_Error_Msg.launchCoverFox(CF_002Validate_Pincode_Error_Msg.java:32)
at coverFoxUsingTestNG.CF_002Validate_Pincode_Error_Msg.launchCoverFox(CF_002Validate_Pincode_Error_Msg.java:32)
at coverFoxUsingTestNG.CF_002Validate_Pincode_Error_Msg.launchCoverFox(CF_002Validate_Pincode_Error_Msg.java:32)
at coverFoxUsingTestNG.CF_002Validate_Pincode_Error_Msg.launchCoverFox(CF_002Validate_Pincode_Error_Msg.java:32)
at coverFoxUsingTestNG.CF_002Validate_Pincode_Error_Msg.launchCoverFox(CF_002Validate_Pincode_Error_Msg.java:32)
at coverFoxUsingTestNG.CF_002Validate_Pincode_Error_Msg.launchCoverFox(CF_002Validate_Pincode_Error_Msg.java:32)
at coverFoxUsingTestNG.CF_002Validate_Pincode_Error_Msg.launchCoverFox(CF_002Validate_Pincode_Error_Msg.java:32)
at coverFoxUsingTestNG.CF_002Validate_Pincode_Error_Msg.launchCoverFox(CF_002Validate_Pincode_Error_Msg.java:32)
at coverFoxUsingTestNG.CF_002Validate_Pincode_Error_Msg.launchCoverFox(CF_002Validate_Pincode_Error_Msg.java:32)
at coverFoxUsingTestNG.CF_002Validate_Pincode_Error_Msg.launchCoverFox(CF_002Validate_Pincode_Error_Msg.java:32)
at coverFoxUsingTestNG.CF_002Validate_Pincode_Error_Msg.launchCoverFox(CF_002Validate_Pincode_Error_Msg.java:32)
at coverFoxUsingTestNG.CF_002Validate_Pincode_Error_Msg.launchCoverFox(CF_002Validate_Pincode_Error_Msg.java:32)
at coverFoxUsingTestNG.CF_002Validate_Pincode_Error_Msg.launchCoverFox(CF_002Validate_Pincode_Error_Msg.java:32)
at coverFoxUsingTestNG.CF_002Validate_Pincode_Error_Msg.launchCoverFox(CF_002Validate_Pincode_Error_Msg.java:32)
at coverFoxUsingTestNG.CF_002Validate_Pincode_Error_Msg.launchCoverFox(CF_002Validate_Pincode_Error_Msg.java:32)
at coverFoxUsingTestNG.CF_002Validate_Pincode_Error_Msg.launchCoverFox(CF_002Validate_Pincode_Error_Msg.java:32)
at coverFoxUsingTestNG.CF_002Validate_Pincode_Error_Msg.launchCoverFox(CF_002Validate_Pincode_Error_Msg.java:32)
at coverFoxUsingTestNG.CF_002Validate_Pincode_Error_Msg.launchCoverFox(CF_002Validate_Pincode_Error_Msg.java:32)
at coverFoxUsingTestNG.CF_002Validate_Pincode_Error_Msg.launchCoverFox(CF_002Validate_Pincode_Error_Msg.java:32)
at coverFoxUsingTestNG.CF_002Validate_Pincode_Error_Msg.launchCoverFox(CF_002Validate_Pincode_Error_Msg.java:32)
at coverFoxUsingTestNG.CF_002Validate_Pincode_Error_Msg.launchCoverFox(CF_002Validate_Pincode_Error_Msg.java:32)
at coverFoxUsingTestNG.CF_002Validate_Pincode_Error_Msg.launchCoverFox(CF_002Validate_Pincode_Error_Msg.java:32)
at coverFoxUsingTestNG.CF_002Validate_Pincode_Error_Msg.launchCoverFox(CF_002Validate_Pincode_Error_Msg.java:32)
at coverFoxUsingTestNG.CF_002Validate_Pincode_Error_Msg.launchCoverFox(CF_002Validate_Pincode_Error_Msg.java:32)
at coverFoxUsingTestNG.CF_002Validate_Pincode_Error_Msg.launchCoverFox(CF_002Validate_Pincode_Error_Msg.java:32)
at coverFoxUsingTestNG.CF_002Validate_Pincode_Error_Msg.launchCoverFox(CF_002Validate_Pincode_Error_Msg.java:32)
at coverFoxUsingTestNG.CF_002Validate_Pincode_Error_Msg.launchCoverFox(CF_002Validate_Pincode_Error_Msg.java:32)
at coverFoxUsingTestNG.CF_002Validate_Pincode_Error_Msg.launchCoverFox(CF_002Validate_Pincode_Error_Msg.java:32)
at coverFoxUsingTestNG.CF_002Validate_Pincode_Error_Msg.launchCoverFox(CF_002Validate_Pincode_Error_Msg.java:32)
at coverFoxUsingTestNG.CF_002Validate_Pincode_Error_Msg.launchCoverFox(CF_002Validate_Pincode_Error_Msg.java:32)
at coverFoxUsingTestNG.CF_002Validate_Pincode_Error_Msg.launchCoverFox(CF_002Validate_Pincode_Error_Msg.java:32)
at coverFoxUsingTestNG.CF_002Validate_Pincode_Error_Msg.launchCoverFox(CF_002Validate_Pincode_Error_Msg.java:32)
at coverFoxUsingTestNG.CF_002Validate_Pincode_Error_Msg.launchCoverFox(CF_002Validate_Pincode_Error_Msg.java:32)
at coverFoxUsingTestNG.CF_002Validate_Pincode_Error_Msg.launchCoverFox(CF_002Validate_Pincode_Error_Msg.java:32)
at coverFoxUsingTestNG.CF_002Validate_Pincode_Error_Msg.launchCoverFox(CF_002Validate_Pincode_Error_Msg.java:32)
at coverFoxUsingTestNG.CF_002Validate_Pincode_Error_Msg.launchCoverFox(CF_002Validate_Pincode_Error_Msg.java:32)
at coverFoxUsingTestNG.CF_002Validate_Pincode_Error_Msg.launchCoverFox(CF_002Validate_Pincode_Error_Msg.java:32)
at coverFoxUsingTestNG.CF_002Validate_Pincode_Error_Msg.launchCoverFox(CF_002Validate_Pincode_Error_Msg.java:32)
at coverFoxUsingTestNG.CF_002Validate_Pincode_Error_Msg.launchCoverFox(CF_002Validate_Pincode_Error_Msg.java:32)
at coverFoxUsingTestNG.CF_002Validate_Pincode_Error_Msg.launchCoverFox(CF_002Validate_Pincode_Error_Msg.java:32)
at coverFoxUsingTestNG.CF_002Validate_Pincode_Error_Msg.launchCoverFox(CF_002Validate_Pincode_Error_Msg.java:32)
at coverFoxUsingTestNG.CF_002Validate_Pincode_Error_Msg.launchCoverFox(CF_002Validate_Pincode_Error_Msg.java:32)
at coverFoxUsingTestNG.CF_002Validate_Pincode_Error_Msg.launchCoverFox(CF_002Validate_Pincode_Error_Msg.java:32)
at coverFoxUsingTestNG.CF_002Validate_Pincode_Error_Msg.launchCoverFox(CF_002Validate_Pincode_Error_Msg.java:32)
at coverFoxUsingTestNG.CF_002Validate_Pincode_Error_Msg.launchCoverFox(CF_002Validate_Pincode_Error_Msg.java:32)
at coverFoxUsingTestNG.CF_002Validate_Pincode_Error_Msg.launchCoverFox(CF_002Validate_Pincode_Error_Msg.java:32)
at coverFoxUsingTestNG.CF_002Validate_Pincode_Error_Msg.launchCoverFox(CF_002Validate_Pincode_Error_Msg.java:32)
at coverFoxUsingTestNG.CF_002Validate_Pincode_Error_Msg.launchCoverFox(CF_002Validate_Pincode_Error_Msg.java:32)
at coverFoxUsingTestNG.CF_002Validate_Pincode_Error_Msg.launchCoverFox(CF_002Validate_Pincode_Error_Msg.java:32)
at coverFoxUsingTestNG.CF_002Validate_Pincode_Error_Msg.launchCoverFox(CF_002Validate_Pincode_Error_Msg.java:32)
at coverFoxUsingTestNG.CF_002Validate_Pincode_Error_Msg.launchCoverFox(CF_002Validate_Pincode_Error_Msg.java:32)
at coverFoxUsingTestNG.CF_002Validate_Pincode_Error_Msg.launchCoverFox(CF_002Validate_Pincode_Error_Msg.java:32)
at coverFoxUsingTestNG.CF_002Validate_Pincode_Error_Msg.launchCoverFox(CF_002Validate_Pincode_Error_Msg.java:32)
at coverFoxUsingTestNG.CF_002Validate_Pincode_Error_Msg.launchCoverFox(CF_002Validate_Pincode_Error_Msg.java:32)
at coverFoxUsingTestNG.CF_002Validate_Pincode_Error_Msg.launchCoverFox(CF_002Validate_Pincode_Error_Msg.java:32)
at coverFoxUsingTestNG.CF_002Validate_Pincode_Error_Msg.launchCoverFox(CF_002Validate_Pincode_Error_Msg.java:32)
at coverFoxUsingTestNG.CF_002Validate_Pincode_Error_Msg.launchCoverFox(CF_002Validate_Pincode_Error_Msg.java:32)
at coverFoxUsingTestNG.CF_002Validate_Pincode_Error_Msg.launchCoverFox(CF_002Validate_Pincode_Error_Msg.java:32)
at coverFoxUsingTestNG.CF_002Validate_Pincode_Error_Msg.launchCoverFox(CF_002Validate_Pincode_Error_Msg.java:32)
at coverFoxUsingTestNG.CF_002Validate_Pincode_Error_Msg.launchCoverFox(CF_002Validate_Pincode_Error_Msg.java:32)
at coverFoxUsingTestNG.CF_002Validate_Pincode_Error_Msg.launchCoverFox(CF_002Validate_Pincode_Error_Msg.java:32)
at coverFoxUsingTestNG.CF_002Validate_Pincode_Error_Msg.launchCoverFox(CF_002Validate_Pincode_Error_Msg.java:32)
at coverFoxUsingTestNG.CF_002Validate_Pincode_Error_Msg.launchCoverFox(CF_002Validate_Pincode_Error_Msg.java:32)
at coverFoxUsingTestNG.CF_002Validate_Pincode_Error_Msg.launchCoverFox(CF_002Validate_Pincode_Error_Msg.java:32)
at coverFoxUsingTestNG.CF_002Validate_Pincode_Error_Msg.launchCoverFox(CF_002Validate_Pincode_Error_Msg.java:32)
at coverFoxUsingTestNG.CF_002Validate_Pincode_Error_Msg.launchCoverFox(CF_002Validate_Pincode_Error_Msg.java:32)
at coverFoxUsingTestNG.CF_002Validate_Pincode_Error_Msg.launchCoverFox(CF_002Validate_Pincode_Error_Msg.java:32)
at coverFoxUsingTestNG.CF_002Validate_Pincode_Error_Msg.launchCoverFox(CF_002Validate_Pincode_Error_Msg.java:32)
at coverFoxUsingTestNG.CF_002Validate_Pincode_Error_Msg.launchCoverFox(CF_002Validate_Pincode_Error_Msg.java:32)
at coverFoxUsingTestNG.CF_002Validate_Pincode_Error_Msg.launchCoverFox(CF_002Validate_Pincode_Error_Msg.java:32)
at coverFoxUsingTestNG.CF_002Validate_Pincode_Error_Msg.launchCoverFox(CF_002Validate_Pincode_Error_Msg.java:32)
at coverFoxUsingTestNG.CF_002Validate_Pincode_Error_Msg.launchCoverFox(CF_002Validate_Pincode_Error_Msg.java:32)
at coverFoxUsingTestNG.CF_002Validate_Pincode_Error_Msg.launchCoverFox(CF_002Validate_Pincode_Error_Msg.java:32)
at coverFoxUsingTestNG.CF_002Validate_Pincode_Error_Msg.launchCoverFox(CF_002Validate_Pincode_Error_Msg.java:32)
at coverFoxUsingTestNG.CF_002Validate_Pincode_Error_Msg.launchCoverFox(CF_002Validate_Pincode_Error_Msg.java:32)
at coverFoxUsingTestNG.CF_002Validate_Pincode_Error_Msg.launchCoverFox(CF_002Validate_Pincode_Error_Msg.java:32)
at coverFoxUsingTestNG.CF_002Validate_Pincode_Error_Msg.launchCoverFox(CF_002Validate_Pincode_Error_Msg.java:32)
at coverFoxUsingTestNG.CF_002Validate_Pincode_Error_Msg.launchCoverFox(CF_002Validate_Pincode_Error_Msg.java:32)
at coverFoxUsingTestNG.CF_002Validate_Pincode_Error_Msg.launchCoverFox(CF_002Validate_Pincode_Error_Msg.java:32)
at coverFoxUsingTestNG.CF_002Validate_Pincode_Error_Msg.launchCoverFox(CF_002Validate_Pincode_Error_Msg.java:32)
at coverFoxUsingTestNG.CF_002Validate_Pincode_Error_Msg.launchCoverFox(CF_002Validate_Pincode_Error_Msg.java:32)
at coverFoxUsingTestNG.CF_002Validate_Pincode_Error_Msg.launchCoverFox(CF_002Validate_Pincode_Error_Msg.java:32)
at coverFoxUsingTestNG.CF_002Validate_Pincode_Error_Msg.launchCoverFox(CF_002Validate_Pincode_Error_Msg.java:32)
at coverFoxUsingTestNG.CF_002Validate_Pincode_Error_Msg.launchCoverFox(CF_002Validate_Pincode_Error_Msg.java:32)
at coverFoxUsingTestNG.CF_002Validate_Pincode_Error_Msg.launchCoverFox(CF_002Validate_Pincode_Error_Msg.java:32)
at coverFoxUsingTestNG.CF_002Validate_Pincode_Error_Msg.launchCoverFox(CF_002Validate_Pincode_Error_Msg.java:32)
at coverFoxUsingTestNG.CF_002Validate_Pincode_Error_Msg.launchCoverFox(CF_002Validate_Pincode_Error_Msg.java:32)
at coverFoxUsingTestNG.CF_002Validate_Pincode_Error_Msg.launchCoverFox(CF_002Validate_Pincode_Error_Msg.java:32)
at coverFoxUsingTestNG.CF_002Validate_Pincode_Error_Msg.launchCoverFox(CF_002Validate_Pincode_Error_Msg.java:32)
at coverFoxUsingTestNG.CF_002Validate_Pincode_Error_Msg.launchCoverFox(CF_002Validate_Pincode_Error_Msg.java:32)
at coverFoxUsingTestNG.CF_002Validate_Pincode_Error_Msg.launchCoverFox(CF_002Validate_Pincode_Error_Msg.java:32)
at coverFoxUsingTestNG.CF_002Validate_Pincode_Error_Msg.launchCoverFox(CF_002Validate_Pincode_Error_Msg.java:32)
at coverFoxUsingTestNG.CF_002Validate_Pincode_Error_Msg.launchCoverFox(CF_002Validate_Pincode_Error_Msg.java:32)
at coverFoxUsingTestNG.CF_002Validate_Pincode_Error_Msg.launchCoverFox(CF_002Validate_Pincode_Error_Msg.java:32)
at coverFoxUsingTestNG.CF_002Validate_Pincode_Error_Msg.launchCoverFox(CF_002Validate_Pincode_Error_Msg.java:32)
at coverFoxUsingTestNG.CF_002Validate_Pincode_Error_Msg.launchCoverFox(CF_002Validate_Pincode_Error_Msg.java:32)
at coverFoxUsingTestNG.CF_002Validate_Pincode_Error_Msg.launchCoverFox(CF_002Validate_Pincode_Error_Msg.java:32)
at coverFoxUsingTestNG.CF_002Validate_Pincode_Error_Msg.launchCoverFox(CF_002Validate_Pincode_Error_Msg.java:32)
at coverFoxUsingTestNG.CF_002Validate_Pincode_Error_Msg.launchCoverFox(CF_002Validate_Pincode_Error_Msg.java:32)
at coverFoxUsingTestNG.CF_002Validate_Pincode_Error_Msg.launchCoverFox(CF_002Validate_Pincode_Error_Msg.java:32)
at coverFoxUsingTestNG.CF_002Validate_Pincode_Error_Msg.launchCoverFox(CF_002Validate_Pincode_Error_Msg.java:32)
at coverFoxUsingTestNG.CF_002Validate_Pincode_Error_Msg.launchCoverFox(CF_002Validate_Pincode_Error_Msg.java:32)
at coverFoxUsingTestNG.CF_002Validate_Pincode_Error_Msg.launchCoverFox(CF_002Validate_Pincode_Error_Msg.java:32)
at coverFoxUsingTestNG.CF_002Validate_Pincode_Error_Msg.launchCoverFox(CF_002Validate_Pincode_Error_Msg.java:32)
at coverFoxUsingTestNG.CF_002Validate_Pincode_Error_Msg.launchCoverFox(CF_002Validate_Pincode_Error_Msg.java:32)
at coverFoxUsingTestNG.CF_002Validate_Pincode_Error_Msg.launchCoverFox(CF_002Validate_Pincode_Error_Msg.java:32)
at coverFoxUsingTestNG.CF_002Validate_Pincode_Error_Msg.launchCoverFox(CF_002Validate_Pincode_Error_Msg.java:32)
at coverFoxUsingTestNG.CF_002Validate_Pincode_Error_Msg.launchCoverFox(CF_002Validate_Pincode_Error_Msg.java:32)
at coverFoxUsingTestNG.CF_002Validate_Pincode_Error_Msg.launchCoverFox(CF_002Validate_Pincode_Error_Msg.java:32)
at coverFoxUsingTestNG.CF_002Validate_Pincode_Error_Msg.launchCoverFox(CF_002Validate_Pincode_Error_Msg.java:32)
at coverFoxUsingTestNG.CF_002Validate_Pincode_Error_Msg.launchCoverFox(CF_002Validate_Pincode_Error_Msg.java:32)
at coverFoxUsingTestNG.CF_002Validate_Pincode_Error_Msg.launchCoverFox(CF_002Validate_Pincode_Error_Msg.java:32)
at coverFoxUsingTestNG.CF_002Validate_Pincode_Error_Msg.launchCoverFox(CF_002Validate_Pincode_Error_Msg.java:32)
at coverFoxUsingTestNG.CF_002Validate_Pincode_Error_Msg.launchCoverFox(CF_002Validate_Pincode_Error_Msg.java:32)
at coverFoxUsingTestNG.CF_002Validate_Pincode_Error_Msg.launchCoverFox(CF_002Validate_Pincode_Error_Msg.java:32)
at coverFoxUsingTestNG.CF_002Validate_Pincode_Error_Msg.launchCoverFox(CF_002Validate_Pincode_Error_Msg.java:32)
at coverFoxUsingTestNG.CF_002Validate_Pincode_Error_Msg.launchCoverFox(CF_002Validate_Pincode_Error_Msg.java:32)
at coverFoxUsingTestNG.CF_002Validate_Pincode_Error_Msg.launchCoverFox(CF_002Validate_Pincode_Error_Msg.java:32)
at coverFoxUsingTestNG.CF_002Validate_Pincode_Error_Msg.launchCoverFox(CF_002Validate_Pincode_Error_Msg.java:32)
at coverFoxUsingTestNG.CF_002Validate_Pincode_Error_Msg.launchCoverFox(CF_002Validate_Pincode_Error_Msg.java:32)
at coverFoxUsingTestNG.CF_002Validate_Pincode_Error_Msg.launchCoverFox(CF_002Validate_Pincode_Error_Msg.java:32)
at coverFoxUsingTestNG.CF_002Validate_Pincode_Error_Msg.launchCoverFox(CF_002Validate_Pincode_Error_Msg.java:32)
at coverFoxUsingTestNG.CF_002Validate_Pincode_Error_Msg.launchCoverFox(CF_002Validate_Pincode_Error_Msg.java:32)
at coverFoxUsingTestNG.CF_002Validate_Pincode_Error_Msg.launchCoverFox(CF_002Validate_Pincode_Error_Msg.java:32)
at coverFoxUsingTestNG.CF_002Validate_Pincode_Error_Msg.launchCoverFox(CF_002Validate_Pincode_Error_Msg.java:32)
at coverFoxUsingTestNG.CF_002Validate_Pincode_Error_Msg.launchCoverFox(CF_002Validate_Pincode_Error_Msg.java:32)
at coverFoxUsingTestNG.CF_002Validate_Pincode_Error_Msg.launchCoverFox(CF_002Validate_Pincode_Error_Msg.java:32)
at coverFoxUsingTestNG.CF_002Validate_Pincode_Error_Msg.launchCoverFox(CF_002Validate_Pincode_Error_Msg.java:32)
at coverFoxUsingTestNG.CF_002Validate_Pincode_Error_Msg.launchCoverFox(CF_002Validate_Pincode_Error_Msg.java:32)
at coverFoxUsingTestNG.CF_002Validate_Pincode_Error_Msg.launchCoverFox(CF_002Validate_Pincode_Error_Msg.java:32)
at coverFoxUsingTestNG.CF_002Validate_Pincode_Error_Msg.launchCoverFox(CF_002Validate_Pincode_Error_Msg.java:32)
at coverFoxUsingTestNG.CF_002Validate_Pincode_Error_Msg.launchCoverFox(CF_002Validate_Pincode_Error_Msg.java:32)
at coverFoxUsingTestNG.CF_002Validate_Pincode_Error_Msg.launchCoverFox(CF_002Validate_Pincode_Error_Msg.java:32)
at coverFoxUsingTestNG.CF_002Validate_Pincode_Error_Msg.launchCoverFox(CF_002Validate_Pincode_Error_Msg.java:32)
at coverFoxUsingTestNG.CF_002Validate_Pincode_Error_Msg.launchCoverFox(CF_002Validate_Pincode_Error_Msg.java:32)
at coverFoxUsingTestNG.CF_002Validate_Pincode_Error_Msg.launchCoverFox(CF_002Validate_Pincode_Error_Msg.java:32)
at coverFoxUsingTestNG.CF_002Validate_Pincode_Error_Msg.launchCoverFox(CF_002Validate_Pincode_Error_Msg.java:32)
at coverFoxUsingTestNG.CF_002Validate_Pincode_Error_Msg.launchCoverFox(CF_002Validate_Pincode_Error_Msg.java:32)
at coverFoxUsingTestNG.CF_002Validate_Pincode_Error_Msg.launchCoverFox(CF_002Validate_Pincode_Error_Msg.java:32)
at coverFoxUsingTestNG.CF_002Validate_Pincode_Error_Msg.launchCoverFox(CF_002Validate_Pincode_Error_Msg.java:32)
at coverFoxUsingTestNG.CF_002Validate_Pincode_Error_Msg.launchCoverFox(CF_002Validate_Pincode_Error_Msg.java:32)
at coverFoxUsingTestNG.CF_002Validate_Pincode_Error_Msg.launchCoverFox(CF_002Validate_Pincode_Error_Msg.java:32)
at coverFoxUsingTestNG.CF_002Validate_Pincode_Error_Msg.launchCoverFox(CF_002Validate_Pincode_Error_Msg.java:32)
at coverFoxUsingTestNG.CF_002Validate_Pincode_Error_Msg.launchCoverFox(CF_002Validate_Pincode_Error_Msg.java:32)
at coverFoxUsingTestNG.CF_002Validate_Pincode_Error_Msg.launchCoverFox(CF_002Validate_Pincode_Error_Msg.java:32)
at coverFoxUsingTestNG.CF_002Validate_Pincode_Error_Msg.launchCoverFox(CF_002Validate_Pincode_Error_Msg.java:32)
at coverFoxUsingTestNG.CF_002Validate_Pincode_Error_Msg.launchCoverFox(CF_002Validate_Pincode_Error_Msg.java:32)
at coverFoxUsingTestNG.CF_002Validate_Pincode_Error_Msg.launchCoverFox(CF_002Validate_Pincode_Error_Msg.java:32)
at coverFoxUsingTestNG.CF_002Validate_Pincode_Error_Msg.launchCoverFox(CF_002Validate_Pincode_Error_Msg.java:32)
at coverFoxUsingTestNG.CF_002Validate_Pincode_Error_Msg.launchCoverFox(CF_002Validate_Pincode_Error_Msg.java:32)
at coverFoxUsingTestNG.CF_002Validate_Pincode_Error_Msg.launchCoverFox(CF_002Validate_Pincode_Error_Msg.java:32)
at coverFoxUsingTestNG.CF_002Validate_Pincode_Error_Msg.launchCoverFox(CF_002Validate_Pincode_Error_Msg.java:32)
at coverFoxUsingTestNG.CF_002Validate_Pincode_Error_Msg.launchCoverFox(CF_002Validate_Pincode_Error_Msg.java:32)
at coverFoxUsingTestNG.CF_002Validate_Pincode_Error_Msg.launchCoverFox(CF_002Validate_Pincode_Error_Msg.java:32)
at coverFoxUsingTestNG.CF_002Validate_Pincode_Error_Msg.launchCoverFox(CF_002Validate_Pincode_Error_Msg.java:32)
at coverFoxUsingTestNG.CF_002Validate_Pincode_Error_Msg.launchCoverFox(CF_002Validate_Pincode_Error_Msg.java:32)
at coverFoxUsingTestNG.CF_002Validate_Pincode_Error_Msg.launchCoverFox(CF_002Validate_Pincode_Error_Msg.java:32)
at coverFoxUsingTestNG.CF_002Validate_Pincode_Error_Msg.launchCoverFox(CF_002Validate_Pincode_Error_Msg.java:32)
at coverFoxUsingTestNG.CF_002Validate_Pincode_Error_Msg.launchCoverFox(CF_002Validate_Pincode_Error_Msg.java:32)
at coverFoxUsingTestNG.CF_002Validate_Pincode_Error_Msg.launchCoverFox(CF_002Validate_Pincode_Error_Msg.java:32)
at coverFoxUsingTestNG.CF_002Validate_Pincode_Error_Msg.launchCoverFox(CF_002Validate_Pincode_Error_Msg.java:32)
at coverFoxUsingTestNG.CF_002Validate_Pincode_Error_Msg.launchCoverFox(CF_002Validate_Pincode_Error_Msg.java:32)
at coverFoxUsingTestNG.CF_002Validate_Pincode_Error_Msg.launchCoverFox(CF_002Validate_Pincode_Error_Msg.java:32)
at coverFoxUsingTestNG.CF_002Validate_Pincode_Error_Msg.launchCoverFox(CF_002Validate_Pincode_Error_Msg.java:32)
at coverFoxUsingTestNG.CF_002Validate_Pincode_Error_Msg.launchCoverFox(CF_002Validate_Pincode_Error_Msg.java:32)
at coverFoxUsingTestNG.CF_002Validate_Pincode_Error_Msg.launchCoverFox(CF_002Validate_Pincode_Error_Msg.java:32)
at coverFoxUsingTestNG.CF_002Validate_Pincode_Error_Msg.launchCoverFox(CF_002Validate_Pincode_Error_Msg.java:32)
at coverFoxUsingTestNG.CF_002Validate_Pincode_Error_Msg.launchCoverFox(CF_002Validate_Pincode_Error_Msg.java:32)
at coverFoxUsingTestNG.CF_002Validate_Pincode_Error_Msg.launchCoverFox(CF_002Validate_Pincode_Error_Msg.java:32)
at coverFoxUsingTestNG.CF_002Validate_Pincode_Error_Msg.launchCoverFox(CF_002Validate_Pincode_Error_Msg.java:32)
at coverFoxUsingTestNG.CF_002Validate_Pincode_Error_Msg.launchCoverFox(CF_002Validate_Pincode_Error_Msg.java:32)
at coverFoxUsingTestNG.CF_002Validate_Pincode_Error_Msg.launchCoverFox(CF_002Validate_Pincode_Error_Msg.java:32)
at coverFoxUsingTestNG.CF_002Validate_Pincode_Error_Msg.launchCoverFox(CF_002Validate_Pincode_Error_Msg.java:32)
at coverFoxUsingTestNG.CF_002Validate_Pincode_Error_Msg.launchCoverFox(CF_002Validate_Pincode_Error_Msg.java:32)
at coverFoxUsingTestNG.CF_002Validate_Pincode_Error_Msg.launchCoverFox(CF_002Validate_Pincode_Error_Msg.java:32)
at coverFoxUsingTestNG.CF_002Validate_Pincode_Error_Msg.launchCoverFox(CF_002Validate_Pincode_Error_Msg.java:32)
at coverFoxUsingTestNG.CF_002Validate_Pincode_Error_Msg.launchCoverFox(CF_002Validate_Pincode_Error_Msg.java:32)
at coverFoxUsingTestNG.CF_002Validate_Pincode_Error_Msg.launchCoverFox(CF_002Validate_Pincode_Error_Msg.java:32)
at coverFoxUsingTestNG.CF_002Validate_Pincode_Error_Msg.launchCoverFox(CF_002Validate_Pincode_Error_Msg.java:32)
at coverFoxUsingTestNG.CF_002Validate_Pincode_Error_Msg.launchCoverFox(CF_002Validate_Pincode_Error_Msg.java:32)
at coverFoxUsingTestNG.CF_002Validate_Pincode_Error_Msg.launchCoverFox(CF_002Validate_Pincode_Error_Msg.java:32)
at coverFoxUsingTestNG.CF_002Validate_Pincode_Error_Msg.launchCoverFox(CF_002Validate_Pincode_Error_Msg.java:32)
at coverFoxUsingTestNG.CF_002Validate_Pincode_Error_Msg.launchCoverFox(CF_002Validate_Pincode_Error_Msg.java:32)
at coverFoxUsingTestNG.CF_002Validate_Pincode_Error_Msg.launchCoverFox(CF_002Validate_Pincode_Error_Msg.java:32)
at coverFoxUsingTestNG.CF_002Validate_Pincode_Error_Msg.launchCoverFox(CF_002Validate_Pincode_Error_Msg.java:32)
at coverFoxUsingTestNG.CF_002Validate_Pincode_Error_Msg.launchCoverFox(CF_002Validate_Pincode_Error_Msg.java:32)
at coverFoxUsingTestNG.CF_002Validate_Pincode_Error_Msg.launchCoverFox(CF_002Validate_Pincode_Error_Msg.java:32)
at coverFoxUsingTestNG.CF_002Validate_Pincode_Error_Msg.launchCoverFox(CF_002Validate_Pincode_Error_Msg.java:32)
at coverFoxUsingTestNG.CF_002Validate_Pincode_Error_Msg.launchCoverFox(CF_002Validate_Pincode_Error_Msg.java:32)
at coverFoxUsingTestNG.CF_002Validate_Pincode_Error_Msg.launchCoverFox(CF_002Validate_Pincode_Error_Msg.java:32)
at coverFoxUsingTestNG.CF_002Validate_Pincode_Error_Msg.launchCoverFox(CF_002Validate_Pincode_Error_Msg.java:32)
at coverFoxUsingTestNG.CF_002Validate_Pincode_Error_Msg.launchCoverFox(CF_002Validate_Pincode_Error_Msg.java:32)
at coverFoxUsingTestNG.CF_002Validate_Pincode_Error_Msg.launchCoverFox(CF_002Validate_Pincode_Error_Msg.java:32)
at coverFoxUsingTestNG.CF_002Validate_Pincode_Error_Msg.launchCoverFox(CF_002Validate_Pincode_Error_Msg.java:32)
at coverFoxUsingTestNG.CF_002Validate_Pincode_Error_Msg.launchCoverFox(CF_002Validate_Pincode_Error_Msg.java:32)
at coverFoxUsingTestNG.CF_002Validate_Pincode_Error_Msg.launchCoverFox(CF_002Validate_Pincode_Error_Msg.java:32)
at coverFoxUsingTestNG.CF_002Validate_Pincode_Error_Msg.launchCoverFox(CF_002Validate_Pincode_Error_Msg.java:32)
at coverFoxUsingTestNG.CF_002Validate_Pincode_Error_Msg.launchCoverFox(CF_002Validate_Pincode_Error_Msg.java:32)
at coverFoxUsingTestNG.CF_002Validate_Pincode_Error_Msg.launchCoverFox(CF_002Validate_Pincode_Error_Msg.java:32)
at coverFoxUsingTestNG.CF_002Validate_Pincode_Error_Msg.launchCoverFox(CF_002Validate_Pincode_Error_Msg.java:32)
at coverFoxUsingTestNG.CF_002Validate_Pincode_Error_Msg.launchCoverFox(CF_002Validate_Pincode_Error_Msg.java:32)
at coverFoxUsingTestNG.CF_002Validate_Pincode_Error_Msg.launchCoverFox(CF_002Validate_Pincode_Error_Msg.java:32)
at coverFoxUsingTestNG.CF_002Validate_Pincode_Error_Msg.launchCoverFox(CF_002Validate_Pincode_Error_Msg.java:32)
at coverFoxUsingTestNG.CF_002Validate_Pincode_Error_Msg.launchCoverFox(CF_002Validate_Pincode_Error_Msg.java:32)
at coverFoxUsingTestNG.CF_002Validate_Pincode_Error_Msg.launchCoverFox(CF_002Validate_Pincode_Error_Msg.java:32)
at coverFoxUsingTestNG.CF_002Validate_Pincode_Error_Msg.launchCoverFox(CF_002Validate_Pincode_Error_Msg.java:32)
at coverFoxUsingTestNG.CF_002Validate_Pincode_Error_Msg.launchCoverFox(CF_002Validate_Pincode_Error_Msg.java:32)
at coverFoxUsingTestNG.CF_002Validate_Pincode_Error_Msg.launchCoverFox(CF_002Validate_Pincode_Error_Msg.java:32)
at coverFoxUsingTestNG.CF_002Validate_Pincode_Error_Msg.launchCoverFox(CF_002Validate_Pincode_Error_Msg.java:32)
at coverFoxUsingTestNG.CF_002Validate_Pincode_Error_Msg.launchCoverFox(CF_002Validate_Pincode_Error_Msg.java:32)
at coverFoxUsingTestNG.CF_002Validate_Pincode_Error_Msg.launchCoverFox(CF_002Validate_Pincode_Error_Msg.java:32)
at coverFoxUsingTestNG.CF_002Validate_Pincode_Error_Msg.launchCoverFox(CF_002Validate_Pincode_Error_Msg.java:32)
at coverFoxUsingTestNG.CF_002Validate_Pincode_Error_Msg.launchCoverFox(CF_002Validate_Pincode_Error_Msg.java:32)
at coverFoxUsingTestNG.CF_002Validate_Pincode_Error_Msg.launchCoverFox(CF_002Validate_Pincode_Error_Msg.java:32)
at coverFoxUsingTestNG.CF_002Validate_Pincode_Error_Msg.launchCoverFox(CF_002Validate_Pincode_Error_Msg.java:32)
at coverFoxUsingTestNG.CF_002Validate_Pincode_Error_Msg.launchCoverFox(CF_002Validate_Pincode_Error_Msg.java:32)
at coverFoxUsingTestNG.CF_002Validate_Pincode_Error_Msg.launchCoverFox(CF_002Validate_Pincode_Error_Msg.java:32)
at coverFoxUsingTestNG.CF_002Validate_Pincode_Error_Msg.launchCoverFox(CF_002Validate_Pincode_Error_Msg.java:32)
at coverFoxUsingTestNG.CF_002Validate_Pincode_Error_Msg.launchCoverFox(CF_002Validate_Pincode_Error_Msg.java:32)
at coverFoxUsingTestNG.CF_002Validate_Pincode_Error_Msg.launchCoverFox(CF_002Validate_Pincode_Error_Msg.java:32)
at coverFoxUsingTestNG.CF_002Validate_Pincode_Error_Msg.launchCoverFox(CF_002Validate_Pincode_Error_Msg.java:32)
at coverFoxUsingTestNG.CF_002Validate_Pincode_Error_Msg.launchCoverFox(CF_002Validate_Pincode_Error_Msg.java:32)
at coverFoxUsingTestNG.CF_002Validate_Pincode_Error_Msg.launchCoverFox(CF_002Validate_Pincode_Error_Msg.java:32)
at coverFoxUsingTestNG.CF_002Validate_Pincode_Error_Msg.launchCoverFox(CF_002Validate_Pincode_Error_Msg.java:32)
at coverFoxUsingTestNG.CF_002Validate_Pincode_Error_Msg.launchCoverFox(CF_002Validate_Pincode_Error_Msg.java:32)
at coverFoxUsingTestNG.CF_002Validate_Pincode_Error_Msg.launchCoverFox(CF_002Validate_Pincode_Error_Msg.java:32)
at coverFoxUsingTestNG.CF_002Validate_Pincode_Error_Msg.launchCoverFox(CF_002Validate_Pincode_Error_Msg.java:32)
at coverFoxUsingTestNG.CF_002Validate_Pincode_Error_Msg.launchCoverFox(CF_002Validate_Pincode_Error_Msg.java:32)
at coverFoxUsingTestNG.CF_002Validate_Pincode_Error_Msg.launchCoverFox(CF_002Validate_Pincode_Error_Msg.java:32)
at coverFoxUsingTestNG.CF_002Validate_Pincode_Error_Msg.launchCoverFox(CF_002Validate_Pincode_Error_Msg.java:32)
at coverFoxUsingTestNG.CF_002Validate_Pincode_Error_Msg.launchCoverFox(CF_002Validate_Pincode_Error_Msg.java:32)
at coverFoxUsingTestNG.CF_002Validate_Pincode_Error_Msg.launchCoverFox(CF_002Validate_Pincode_Error_Msg.java:32)
at coverFoxUsingTestNG.CF_002Validate_Pincode_Error_Msg.launchCoverFox(CF_002Validate_Pincode_Error_Msg.java:32)
at coverFoxUsingTestNG.CF_002Validate_Pincode_Error_Msg.launchCoverFox(CF_002Validate_Pincode_Error_Msg.java:32)
at coverFoxUsingTestNG.CF_002Validate_Pincode_Error_Msg.launchCoverFox(CF_002Validate_Pincode_Error_Msg.java:32)
at coverFoxUsingTestNG.CF_002Validate_Pincode_Error_Msg.launchCoverFox(CF_002Validate_Pincode_Error_Msg.java:32)
at coverFoxUsingTestNG.CF_002Validate_Pincode_Error_Msg.launchCoverFox(CF_002Validate_Pincode_Error_Msg.java:32)
at coverFoxUsingTestNG.CF_002Validate_Pincode_Error_Msg.launchCoverFox(CF_002Validate_Pincode_Error_Msg.java:32)
at coverFoxUsingTestNG.CF_002Validate_Pincode_Error_Msg.launchCoverFox(CF_002Validate_Pincode_Error_Msg.java:32)
at coverFoxUsingTestNG.CF_002Validate_Pincode_Error_Msg.launchCoverFox(CF_002Validate_Pincode_Error_Msg.java:32)
at coverFoxUsingTestNG.CF_002Validate_Pincode_Error_Msg.launchCoverFox(CF_002Validate_Pincode_Error_Msg.java:32)
at coverFoxUsingTestNG.CF_002Validate_Pincode_Error_Msg.launchCoverFox(CF_002Validate_Pincode_Error_Msg.java:32)
at coverFoxUsingTestNG.CF_002Validate_Pincode_Error_Msg.launchCoverFox(CF_002Validate_Pincode_Error_Msg.java:32)
at coverFoxUsingTestNG.CF_002Validate_Pincode_Error_Msg.launchCoverFox(CF_002Validate_Pincode_Error_Msg.java:32)
at coverFoxUsingTestNG.CF_002Validate_Pincode_Error_Msg.launchCoverFox(CF_002Validate_Pincode_Error_Msg.java:32)
at coverFoxUsingTestNG.CF_002Validate_Pincode_Error_Msg.launchCoverFox(CF_002Validate_Pincode_Error_Msg.java:32)
at coverFoxUsingTestNG.CF_002Validate_Pincode_Error_Msg.launchCoverFox(CF_002Validate_Pincode_Error_Msg.java:32)
at coverFoxUsingTestNG.CF_002Validate_Pincode_Error_Msg.launchCoverFox(CF_002Validate_Pincode_Error_Msg.java:32)
at coverFoxUsingTestNG.CF_002Validate_Pincode_Error_Msg.launchCoverFox(CF_002Validate_Pincode_Error_Msg.java:32)
at coverFoxUsingTestNG.CF_002Validate_Pincode_Error_Msg.launchCoverFox(CF_002Validate_Pincode_Error_Msg.java:32)
at coverFoxUsingTestNG.CF_002Validate_Pincode_Error_Msg.launchCoverFox(CF_002Validate_Pincode_Error_Msg.java:32)
at coverFoxUsingTestNG.CF_002Validate_Pincode_Error_Msg.launchCoverFox(CF_002Validate_Pincode_Error_Msg.java:32)
at coverFoxUsingTestNG.CF_002Validate_Pincode_Error_Msg.launchCoverFox(CF_002Validate_Pincode_Error_Msg.java:32)
at coverFoxUsingTestNG.CF_002Validate_Pincode_Error_Msg.launchCoverFox(CF_002Validate_Pincode_Error_Msg.java:32)
at coverFoxUsingTestNG.CF_002Validate_Pincode_Error_Msg.launchCoverFox(CF_002Validate_Pincode_Error_Msg.java:32)
at coverFoxUsingTestNG.CF_002Validate_Pincode_Error_Msg.launchCoverFox(CF_002Validate_Pincode_Error_Msg.java:32)
at coverFoxUsingTestNG.CF_002Validate_Pincode_Error_Msg.launchCoverFox(CF_002Validate_Pincode_Error_Msg.java:32)
at coverFoxUsingTestNG.CF_002Validate_Pincode_Error_Msg.launchCoverFox(CF_002Validate_Pincode_Error_Msg.java:32)
at coverFoxUsingTestNG.CF_002Validate_Pincode_Error_Msg.launchCoverFox(CF_002Validate_Pincode_Error_Msg.java:32)
at coverFoxUsingTestNG.CF_002Validate_Pincode_Error_Msg.launchCoverFox(CF_002Validate_Pincode_Error_Msg.java:32)
at coverFoxUsingTestNG.CF_002Validate_Pincode_Error_Msg.launchCoverFox(CF_002Validate_Pincode_Error_Msg.java:32)
at coverFoxUsingTestNG.CF_002Validate_Pincode_Error_Msg.launchCoverFox(CF_002Validate_Pincode_Error_Msg.java:32)
at coverFoxUsingTestNG.CF_002Validate_Pincode_Error_Msg.launchCoverFox(CF_002Validate_Pincode_Error_Msg.java:32)
at coverFoxUsingTestNG.CF_002Validate_Pincode_Error_Msg.launchCoverFox(CF_002Validate_Pincode_Error_Msg.java:32)
at coverFoxUsingTestNG.CF_002Validate_Pincode_Error_Msg.launchCoverFox(CF_002Validate_Pincode_Error_Msg.java:32)
at coverFoxUsingTestNG.CF_002Validate_Pincode_Error_Msg.launchCoverFox(CF_002Validate_Pincode_Error_Msg.java:32)
at coverFoxUsingTestNG.CF_002Validate_Pincode_Error_Msg.launchCoverFox(CF_002Validate_Pincode_Error_Msg.java:32)
at coverFoxUsingTestNG.CF_002Validate_Pincode_Error_Msg.launchCoverFox(CF_002Validate_Pincode_Error_Msg.java:32)
at coverFoxUsingTestNG.CF_002Validate_Pincode_Error_Msg.launchCoverFox(CF_002Validate_Pincode_Error_Msg.java:32)
at coverFoxUsingTestNG.CF_002Validate_Pincode_Error_Msg.launchCoverFox(CF_002Validate_Pincode_Error_Msg.java:32)
at coverFoxUsingTestNG.CF_002Validate_Pincode_Error_Msg.launchCoverFox(CF_002Validate_Pincode_Error_Msg.java:32)
at coverFoxUsingTestNG.CF_002Validate_Pincode_Error_Msg.launchCoverFox(CF_002Validate_Pincode_Error_Msg.java:32)
at coverFoxUsingTestNG.CF_002Validate_Pincode_Error_Msg.launchCoverFox(CF_002Validate_Pincode_Error_Msg.java:32)
at coverFoxUsingTestNG.CF_002Validate_Pincode_Error_Msg.launchCoverFox(CF_002Validate_Pincode_Error_Msg.java:32)
at coverFoxUsingTestNG.CF_002Validate_Pincode_Error_Msg.launchCoverFox(CF_002Validate_Pincode_Error_Msg.java:32)
at coverFoxUsingTestNG.CF_002Validate_Pincode_Error_Msg.launchCoverFox(CF_002Validate_Pincode_Error_Msg.java:32)
at coverFoxUsingTestNG.CF_002Validate_Pincode_Error_Msg.launchCoverFox(CF_002Validate_Pincode_Error_Msg.java:32)
at coverFoxUsingTestNG.CF_002Validate_Pincode_Error_Msg.launchCoverFox(CF_002Validate_Pincode_Error_Msg.java:32)
at coverFoxUsingTestNG.CF_002Validate_Pincode_Error_Msg.launchCoverFox(CF_002Validate_Pincode_Error_Msg.java:32)
at coverFoxUsingTestNG.CF_002Validate_Pincode_Error_Msg.launchCoverFox(CF_002Validate_Pincode_Error_Msg.java:32)
at coverFoxUsingTestNG.CF_002Validate_Pincode_Error_Msg.launchCoverFox(CF_002Validate_Pincode_Error_Msg.java:32)
at coverFoxUsingTestNG.CF_002Validate_Pincode_Error_Msg.launchCoverFox(CF_002Validate_Pincode_Error_Msg.java:32)
at coverFoxUsingTestNG.CF_002Validate_Pincode_Error_Msg.launchCoverFox(CF_002Validate_Pincode_Error_Msg.java:32)
at coverFoxUsingTestNG.CF_002Validate_Pincode_Error_Msg.launchCoverFox(CF_002Validate_Pincode_Error_Msg.java:32)
at coverFoxUsingTestNG.CF_002Validate_Pincode_Error_Msg.launchCoverFox(CF_002Validate_Pincode_Error_Msg.java:32)
at coverFoxUsingTestNG.CF_002Validate_Pincode_Error_Msg.launchCoverFox(CF_002Validate_Pincode_Error_Msg.java:32)
at coverFoxUsingTestNG.CF_002Validate_Pincode_Error_Msg.launchCoverFox(CF_002Validate_Pincode_Error_Msg.java:32)
at coverFoxUsingTestNG.CF_002Validate_Pincode_Error_Msg.launchCoverFox(CF_002Validate_Pincode_Error_Msg.java:32)
at coverFoxUsingTestNG.CF_002Validate_Pincode_Error_Msg.launchCoverFox(CF_002Validate_Pincode_Error_Msg.java:32)
at coverFoxUsingTestNG.CF_002Validate_Pincode_Error_Msg.launchCoverFox(CF_002Validate_Pincode_Error_Msg.java:32)
at coverFoxUsingTestNG.CF_002Validate_Pincode_Error_Msg.launchCoverFox(CF_002Validate_Pincode_Error_Msg.java:32)
at coverFoxUsingTestNG.CF_002Validate_Pincode_Error_Msg.launchCoverFox(CF_002Validate_Pincode_Error_Msg.java:32)
at coverFoxUsingTestNG.CF_002Validate_Pincode_Error_Msg.launchCoverFox(CF_002Validate_Pincode_Error_Msg.java:32)
at coverFoxUsingTestNG.CF_002Validate_Pincode_Error_Msg.launchCoverFox(CF_002Validate_Pincode_Error_Msg.java:32)
at coverFoxUsingTestNG.CF_002Validate_Pincode_Error_Msg.launchCoverFox(CF_002Validate_Pincode_Error_Msg.java:32)
at coverFoxUsingTestNG.CF_002Validate_Pincode_Error_Msg.launchCoverFox(CF_002Validate_Pincode_Error_Msg.java:32)
at coverFoxUsingTestNG.CF_002Validate_Pincode_Error_Msg.launchCoverFox(CF_002Validate_Pincode_Error_Msg.java:32)
at coverFoxUsingTestNG.CF_002Validate_Pincode_Error_Msg.launchCoverFox(CF_002Validate_Pincode_Error_Msg.java:32)
at coverFoxUsingTestNG.CF_002Validate_Pincode_Error_Msg.launchCoverFox(CF_002Validate_Pincode_Error_Msg.java:32)
at coverFoxUsingTestNG.CF_002Validate_Pincode_Error_Msg.launchCoverFox(CF_002Validate_Pincode_Error_Msg.java:32)
at coverFoxUsingTestNG.CF_002Validate_Pincode_Error_Msg.launchCoverFox(CF_002Validate_Pincode_Error_Msg.java:32)
at coverFoxUsingTestNG.CF_002Validate_Pincode_Error_Msg.launchCoverFox(CF_002Validate_Pincode_Error_Msg.java:32)
at coverFoxUsingTestNG.CF_002Validate_Pincode_Error_Msg.launchCoverFox(CF_002Validate_Pincode_Error_Msg.java:32)
at coverFoxUsingTestNG.CF_002Validate_Pincode_Error_Msg.launchCoverFox(CF_002Validate_Pincode_Error_Msg.java:32)
at coverFoxUsingTestNG.CF_002Validate_Pincode_Error_Msg.launchCoverFox(CF_002Validate_Pincode_Error_Msg.java:32)
at coverFoxUsingTestNG.CF_002Validate_Pincode_Error_Msg.launchCoverFox(CF_002Validate_Pincode_Error_Msg.java:32)
at coverFoxUsingTestNG.CF_002Validate_Pincode_Error_Msg.launchCoverFox(CF_002Validate_Pincode_Error_Msg.java:32)
at coverFoxUsingTestNG.CF_002Validate_Pincode_Error_Msg.launchCoverFox(CF_002Validate_Pincode_Error_Msg.java:32)
at coverFoxUsingTestNG.CF_002Validate_Pincode_Error_Msg.launchCoverFox(CF_002Validate_Pincode_Error_Msg.java:32)
at coverFoxUsingTestNG.CF_002Validate_Pincode_Error_Msg.launchCoverFox(CF_002Validate_Pincode_Error_Msg.java:32)
at coverFoxUsingTestNG.CF_002Validate_Pincode_Error_Msg.launchCoverFox(CF_002Validate_Pincode_Error_Msg.java:32)
at coverFoxUsingTestNG.CF_002Validate_Pincode_Error_Msg.launchCoverFox(CF_002Validate_Pincode_Error_Msg.java:32)
at coverFoxUsingTestNG.CF_002Validate_Pincode_Error_Msg.launchCoverFox(CF_002Validate_Pincode_Error_Msg.java:32)
at coverFoxUsingTestNG.CF_002Validate_Pincode_Error_Msg.launchCoverFox(CF_002Validate_Pincode_Error_Msg.java:32)
at coverFoxUsingTestNG.CF_002Validate_Pincode_Error_Msg.launchCoverFox(CF_002Validate_Pincode_Error_Msg.java:32)
at coverFoxUsingTestNG.CF_002Validate_Pincode_Error_Msg.launchCoverFox(CF_002Validate_Pincode_Error_Msg.java:32)
at coverFoxUsingTestNG.CF_002Validate_Pincode_Error_Msg.launchCoverFox(CF_002Validate_Pincode_Error_Msg.java:32)
at coverFoxUsingTestNG.CF_002Validate_Pincode_Error_Msg.launchCoverFox(CF_002Validate_Pincode_Error_Msg.java:32)
at coverFoxUsingTestNG.CF_002Validate_Pincode_Error_Msg.launchCoverFox(CF_002Validate_Pincode_Error_Msg.java:32)
at coverFoxUsingTestNG.CF_002Validate_Pincode_Error_Msg.launchCoverFox(CF_002Validate_Pincode_Error_Msg.java:32)
at coverFoxUsingTestNG.CF_002Validate_Pincode_Error_Msg.launchCoverFox(CF_002Validate_Pincode_Error_Msg.java:32)
at coverFoxUsingTestNG.CF_002Validate_Pincode_Error_Msg.launchCoverFox(CF_002Validate_Pincode_Error_Msg.java:32)
at coverFoxUsingTestNG.CF_002Validate_Pincode_Error_Msg.launchCoverFox(CF_002Validate_Pincode_Error_Msg.java:32)
at coverFoxUsingTestNG.CF_002Validate_Pincode_Error_Msg.launchCoverFox(CF_002Validate_Pincode_Error_Msg.java:32)
at coverFoxUsingTestNG.CF_002Validate_Pincode_Error_Msg.launchCoverFox(CF_002Validate_Pincode_Error_Msg.java:32)
at coverFoxUsingTestNG.CF_002Validate_Pincode_Error_Msg.launchCoverFox(CF_002Validate_Pincode_Error_Msg.java:32)
at coverFoxUsingTestNG.CF_002Validate_Pincode_Error_Msg.launchCoverFox(CF_002Validate_Pincode_Error_Msg.java:32)
at coverFoxUsingTestNG.CF_002Validate_Pincode_Error_Msg.launchCoverFox(CF_002Validate_Pincode_Error_Msg.java:32)
at coverFoxUsingTestNG.CF_002Validate_Pincode_Error_Msg.launchCoverFox(CF_002Validate_Pincode_Error_Msg.java:32)
at coverFoxUsingTestNG.CF_002Validate_Pincode_Error_Msg.launchCoverFox(CF_002Validate_Pincode_Error_Msg.java:32)
at coverFoxUsingTestNG.CF_002Validate_Pincode_Error_Msg.launchCoverFox(CF_002Validate_Pincode_Error_Msg.java:32)
at coverFoxUsingTestNG.CF_002Validate_Pincode_Error_Msg.launchCoverFox(CF_002Validate_Pincode_Error_Msg.java:32)
at coverFoxUsingTestNG.CF_002Validate_Pincode_Error_Msg.launchCoverFox(CF_002Validate_Pincode_Error_Msg.java:32)
at coverFoxUsingTestNG.CF_002Validate_Pincode_Error_Msg.launchCoverFox(CF_002Validate_Pincode_Error_Msg.java:32)
at coverFoxUsingTestNG.CF_002Validate_Pincode_Error_Msg.launchCoverFox(CF_002Validate_Pincode_Error_Msg.java:32)
at coverFoxUsingTestNG.CF_002Validate_Pincode_Error_Msg.launchCoverFox(CF_002Validate_Pincode_Error_Msg.java:32)
at coverFoxUsingTestNG.CF_002Validate_Pincode_Error_Msg.launchCoverFox(CF_002Validate_Pincode_Error_Msg.java:32)
at coverFoxUsingTestNG.CF_002Validate_Pincode_Error_Msg.launchCoverFox(CF_002Validate_Pincode_Error_Msg.java:32)
at coverFoxUsingTestNG.CF_002Validate_Pincode_Error_Msg.launchCoverFox(CF_002Validate_Pincode_Error_Msg.java:32)
at coverFoxUsingTestNG.CF_002Validate_Pincode_Error_Msg.launchCoverFox(CF_002Validate_Pincode_Error_Msg.java:32)
at coverFoxUsingTestNG.CF_002Validate_Pincode_Error_Msg.launchCoverFox(CF_002Validate_Pincode_Error_Msg.java:32)
at coverFoxUsingTestNG.CF_002Validate_Pincode_Error_Msg.launchCoverFox(CF_002Validate_Pincode_Error_Msg.java:32)
at coverFoxUsingTestNG.CF_002Validate_Pincode_Error_Msg.launchCoverFox(CF_002Validate_Pincode_Error_Msg.java:32)
at coverFoxUsingTestNG.CF_002Validate_Pincode_Error_Msg.launchCoverFox(CF_002Validate_Pincode_Error_Msg.java:32)
at coverFoxUsingTestNG.CF_002Validate_Pincode_Error_Msg.launchCoverFox(CF_002Validate_Pincode_Error_Msg.java:32)
at coverFoxUsingTestNG.CF_002Validate_Pincode_Error_Msg.launchCoverFox(CF_002Validate_Pincode_Error_Msg.java:32)
at coverFoxUsingTestNG.CF_002Validate_Pincode_Error_Msg.launchCoverFox(CF_002Validate_Pincode_Error_Msg.java:32)
at coverFoxUsingTestNG.CF_002Validate_Pincode_Error_Msg.launchCoverFox(CF_002Validate_Pincode_Error_Msg.java:32)
at coverFoxUsingTestNG.CF_002Validate_Pincode_Error_Msg.launchCoverFox(CF_002Validate_Pincode_Error_Msg.java:32)
at coverFoxUsingTestNG.CF_002Validate_Pincode_Error_Msg.launchCoverFox(CF_002Validate_Pincode_Error_Msg.java:32)
at coverFoxUsingTestNG.CF_002Validate_Pincode_Error_Msg.launchCoverFox(CF_002Validate_Pincode_Error_Msg.java:32)
at coverFoxUsingTestNG.CF_002Validate_Pincode_Error_Msg.launchCoverFox(CF_002Validate_Pincode_Error_Msg.java:32)
at coverFoxUsingTestNG.CF_002Validate_Pincode_Error_Msg.launchCoverFox(CF_002Validate_Pincode_Error_Msg.java:32)
at coverFoxUsingTestNG.CF_002Validate_Pincode_Error_Msg.launchCoverFox(CF_002Validate_Pincode_Error_Msg.java:32)
at coverFoxUsingTestNG.CF_002Validate_Pincode_Error_Msg.launchCoverFox(CF_002Validate_Pincode_Error_Msg.java:32)
at coverFoxUsingTestNG.CF_002Validate_Pincode_Error_Msg.launchCoverFox(CF_002Validate_Pincode_Error_Msg.java:32)
at coverFoxUsingTestNG.CF_002Validate_Pincode_Error_Msg.launchCoverFox(CF_002Validate_Pincode_Error_Msg.java:32)
at coverFoxUsingTestNG.CF_002Validate_Pincode_Error_Msg.launchCoverFox(CF_002Validate_Pincode_Error_Msg.java:32)
at coverFoxUsingTestNG.CF_002Validate_Pincode_Error_Msg.launchCoverFox(CF_002Validate_Pincode_Error_Msg.java:32)
at coverFoxUsingTestNG.CF_002Validate_Pincode_Error_Msg.launchCoverFox(CF_002Validate_Pincode_Error_Msg.java:32)
at coverFoxUsingTestNG.CF_002Validate_Pincode_Error_Msg.launchCoverFox(CF_002Validate_Pincode_Error_Msg.java:32)
at coverFoxUsingTestNG.CF_002Validate_Pincode_Error_Msg.launchCoverFox(CF_002Validate_Pincode_Error_Msg.java:32)
at coverFoxUsingTestNG.CF_002Validate_Pincode_Error_Msg.launchCoverFox(CF_002Validate_Pincode_Error_Msg.java:32)
at coverFoxUsingTestNG.CF_002Validate_Pincode_Error_Msg.launchCoverFox(CF_002Validate_Pincode_Error_Msg.java:32)
at coverFoxUsingTestNG.CF_002Validate_Pincode_Error_Msg.launchCoverFox(CF_002Validate_Pincode_Error_Msg.java:32)
at coverFoxUsingTestNG.CF_002Validate_Pincode_Error_Msg.launchCoverFox(CF_002Validate_Pincode_Error_Msg.java:32)
at coverFoxUsingTestNG.CF_002Validate_Pincode_Error_Msg.launchCoverFox(CF_002Validate_Pincode_Error_Msg.java:32)
at coverFoxUsingTestNG.CF_002Validate_Pincode_Error_Msg.launchCoverFox(CF_002Validate_Pincode_Error_Msg.java:32)
at coverFoxUsingTestNG.CF_002Validate_Pincode_Error_Msg.launchCoverFox(CF_002Validate_Pincode_Error_Msg.java:32)
at coverFoxUsingTestNG.CF_002Validate_Pincode_Error_Msg.launchCoverFox(CF_002Validate_Pincode_Error_Msg.java:32)
at coverFoxUsingTestNG.CF_002Validate_Pincode_Error_Msg.launchCoverFox(CF_002Validate_Pincode_Error_Msg.java:32)
at coverFoxUsingTestNG.CF_002Validate_Pincode_Error_Msg.launchCoverFox(CF_002Validate_Pincode_Error_Msg.java:32)
at coverFoxUsingTestNG.CF_002Validate_Pincode_Error_Msg.launchCoverFox(CF_002Validate_Pincode_Error_Msg.java:32)
at coverFoxUsingTestNG.CF_002Validate_Pincode_Error_Msg.launchCoverFox(CF_002Validate_Pincode_Error_Msg.java:32)
at coverFoxUsingTestNG.CF_002Validate_Pincode_Error_Msg.launchCoverFox(CF_002Validate_Pincode_Error_Msg.java:32)
at coverFoxUsingTestNG.CF_002Validate_Pincode_Error_Msg.launchCoverFox(CF_002Validate_Pincode_Error_Msg.java:32)
at coverFoxUsingTestNG.CF_002Validate_Pincode_Error_Msg.launchCoverFox(CF_002Validate_Pincode_Error_Msg.java:32)
at coverFoxUsingTestNG.CF_002Validate_Pincode_Error_Msg.launchCoverFox(CF_002Validate_Pincode_Error_Msg.java:32)
at coverFoxUsingTestNG.CF_002Validate_Pincode_Error_Msg.launchCoverFox(CF_002Validate_Pincode_Error_Msg.java:32)
at coverFoxUsingTestNG.CF_002Validate_Pincode_Error_Msg.launchCoverFox(CF_002Validate_Pincode_Error_Msg.java:32)
at coverFoxUsingTestNG.CF_002Validate_Pincode_Error_Msg.launchCoverFox(CF_002Validate_Pincode_Error_Msg.java:32)
at coverFoxUsingTestNG.CF_002Validate_Pincode_Error_Msg.launchCoverFox(CF_002Validate_Pincode_Error_Msg.java:32)
at coverFoxUsingTestNG.CF_002Validate_Pincode_Error_Msg.launchCoverFox(CF_002Validate_Pincode_Error_Msg.java:32)
at coverFoxUsingTestNG.CF_002Validate_Pincode_Error_Msg.launchCoverFox(CF_002Validate_Pincode_Error_Msg.java:32)
at coverFoxUsingTestNG.CF_002Validate_Pincode_Error_Msg.launchCoverFox(CF_002Validate_Pincode_Error_Msg.java:32)
at coverFoxUsingTestNG.CF_002Validate_Pincode_Error_Msg.launchCoverFox(CF_002Validate_Pincode_Error_Msg.java:32)
at coverFoxUsingTestNG.CF_002Validate_Pincode_Error_Msg.launchCoverFox(CF_002Validate_Pincode_Error_Msg.java:32)
at coverFoxUsingTestNG.CF_002Validate_Pincode_Error_Msg.launchCoverFox(CF_002Validate_Pincode_Error_Msg.java:32)
at coverFoxUsingTestNG.CF_002Validate_Pincode_Error_Msg.launchCoverFox(CF_002Validate_Pincode_Error_Msg.java:32)
at coverFoxUsingTestNG.CF_002Validate_Pincode_Error_Msg.launchCoverFox(CF_002Validate_Pincode_Error_Msg.java:32)
at coverFoxUsingTestNG.CF_002Validate_Pincode_Error_Msg.launchCoverFox(CF_002Validate_Pincode_Error_Msg.java:32)
at coverFoxUsingTestNG.CF_002Validate_Pincode_Error_Msg.launchCoverFox(CF_002Validate_Pincode_Error_Msg.java:32)
at coverFoxUsingTestNG.CF_002Validate_Pincode_Error_Msg.launchCoverFox(CF_002Validate_Pincode_Error_Msg.java:32)
at coverFoxUsingTestNG.CF_002Validate_Pincode_Error_Msg.launchCoverFox(CF_002Validate_Pincode_Error_Msg.java:32)
at coverFoxUsingTestNG.CF_002Validate_Pincode_Error_Msg.launchCoverFox(CF_002Validate_Pincode_Error_Msg.java:32)
at coverFoxUsingTestNG.CF_002Validate_Pincode_Error_Msg.launchCoverFox(CF_002Validate_Pincode_Error_Msg.java:32)
at coverFoxUsingTestNG.CF_002Validate_Pincode_Error_Msg.launchCoverFox(CF_002Validate_Pincode_Error_Msg.java:32)
at coverFoxUsingTestNG.CF_002Validate_Pincode_Error_Msg.launchCoverFox(CF_002Validate_Pincode_Error_Msg.java:32)
at coverFoxUsingTestNG.CF_002Validate_Pincode_Error_Msg.launchCoverFox(CF_002Validate_Pincode_Error_Msg.java:32)
at coverFoxUsingTestNG.CF_002Validate_Pincode_Error_Msg.launchCoverFox(CF_002Validate_Pincode_Error_Msg.java:32)
at coverFoxUsingTestNG.CF_002Validate_Pincode_Error_Msg.launchCoverFox(CF_002Validate_Pincode_Error_Msg.java:32)
at coverFoxUsingTestNG.CF_002Validate_Pincode_Error_Msg.launchCoverFox(CF_002Validate_Pincode_Error_Msg.java:32)
at coverFoxUsingTestNG.CF_002Validate_Pincode_Error_Msg.launchCoverFox(CF_002Validate_Pincode_Error_Msg.java:32)
at coverFoxUsingTestNG.CF_002Validate_Pincode_Error_Msg.launchCoverFox(CF_002Validate_Pincode_Error_Msg.java:32)
at coverFoxUsingTestNG.CF_002Validate_Pincode_Error_Msg.launchCoverFox(CF_002Validate_Pincode_Error_Msg.java:32)
at coverFoxUsingTestNG.CF_002Validate_Pincode_Error_Msg.launchCoverFox(CF_002Validate_Pincode_Error_Msg.java:32)
at coverFoxUsingTestNG.CF_002Validate_Pincode_Error_Msg.launchCoverFox(CF_002Validate_Pincode_Error_Msg.java:32)
at coverFoxUsingTestNG.CF_002Validate_Pincode_Error_Msg.launchCoverFox(CF_002Validate_Pincode_Error_Msg.java:32)
at coverFoxUsingTestNG.CF_002Validate_Pincode_Error_Msg.launchCoverFox(CF_002Validate_Pincode_Error_Msg.java:32)
at coverFoxUsingTestNG.CF_002Validate_Pincode_Error_Msg.launchCoverFox(CF_002Validate_Pincode_Error_Msg.java:32)
at coverFoxUsingTestNG.CF_002Validate_Pincode_Error_Msg.launchCoverFox(CF_002Validate_Pincode_Error_Msg.java:32)
at coverFoxUsingTestNG.CF_002Validate_Pincode_Error_Msg.launchCoverFox(CF_002Validate_Pincode_Error_Msg.java:32)
at coverFoxUsingTestNG.CF_002Validate_Pincode_Error_Msg.launchCoverFox(CF_002Validate_Pincode_Error_Msg.java:32)
at coverFoxUsingTestNG.CF_002Validate_Pincode_Error_Msg.launchCoverFox(CF_002Validate_Pincode_Error_Msg.java:32)
at coverFoxUsingTestNG.CF_002Validate_Pincode_Error_Msg.launchCoverFox(CF_002Validate_Pincode_Error_Msg.java:32)
at coverFoxUsingTestNG.CF_002Validate_Pincode_Error_Msg.launchCoverFox(CF_002Validate_Pincode_Error_Msg.java:32)
at coverFoxUsingTestNG.CF_002Validate_Pincode_Error_Msg.launchCoverFox(CF_002Validate_Pincode_Error_Msg.java:32)
at coverFoxUsingTestNG.CF_002Validate_Pincode_Error_Msg.launchCoverFox(CF_002Validate_Pincode_Error_Msg.java:32)
at coverFoxUsingTestNG.CF_002Validate_Pincode_Error_Msg.launchCoverFox(CF_002Validate_Pincode_Error_Msg.java:32)
at coverFoxUsingTestNG.CF_002Validate_Pincode_Error_Msg.launchCoverFox(CF_002Validate_Pincode_Error_Msg.java:32)
at coverFoxUsingTestNG.CF_002Validate_Pincode_Error_Msg.launchCoverFox(CF_002Validate_Pincode_Error_Msg.java:32)
at coverFoxUsingTestNG.CF_002Validate_Pincode_Error_Msg.launchCoverFox(CF_002Validate_Pincode_Error_Msg.java:32)
at coverFoxUsingTestNG.CF_002Validate_Pincode_Error_Msg.launchCoverFox(CF_002Validate_Pincode_Error_Msg.java:32)
at coverFoxUsingTestNG.CF_002Validate_Pincode_Error_Msg.launchCoverFox(CF_002Validate_Pincode_Error_Msg.java:32)
at coverFoxUsingTestNG.CF_002Validate_Pincode_Error_Msg.launchCoverFox(CF_002Validate_Pincode_Error_Msg.java:32)
at coverFoxUsingTestNG.CF_002Validate_Pincode_Error_Msg.launchCoverFox(CF_002Validate_Pincode_Error_Msg.java:32)
at coverFoxUsingTestNG.CF_002Validate_Pincode_Error_Msg.launchCoverFox(CF_002Validate_Pincode_Error_Msg.java:32)
at coverFoxUsingTestNG.CF_002Validate_Pincode_Error_Msg.launchCoverFox(CF_002Validate_Pincode_Error_Msg.java:32)
at coverFoxUsingTestNG.CF_002Validate_Pincode_Error_Msg.launchCoverFox(CF_002Validate_Pincode_Error_Msg.java:32)
at coverFoxUsingTestNG.CF_002Validate_Pincode_Error_Msg.launchCoverFox(CF_002Validate_Pincode_Error_Msg.java:32)
at coverFoxUsingTestNG.CF_002Validate_Pincode_Error_Msg.launchCoverFox(CF_002Validate_Pincode_Error_Msg.java:32)
at coverFoxUsingTestNG.CF_002Validate_Pincode_Error_Msg.launchCoverFox(CF_002Validate_Pincode_Error_Msg.java:32)
at coverFoxUsingTestNG.CF_002Validate_Pincode_Error_Msg.launchCoverFox(CF_002Validate_Pincode_Error_Msg.java:32)
at coverFoxUsingTestNG.CF_002Validate_Pincode_Error_Msg.launchCoverFox(CF_002Validate_Pincode_Error_Msg.java:32)
at coverFoxUsingTestNG.CF_002Validate_Pincode_Error_Msg.launchCoverFox(CF_002Validate_Pincode_Error_Msg.java:32)
at coverFoxUsingTestNG.CF_002Validate_Pincode_Error_Msg.launchCoverFox(CF_002Validate_Pincode_Error_Msg.java:32)
at coverFoxUsingTestNG.CF_002Validate_Pincode_Error_Msg.launchCoverFox(CF_002Validate_Pincode_Error_Msg.java:32)
at coverFoxUsingTestNG.CF_002Validate_Pincode_Error_Msg.launchCoverFox(CF_002Validate_Pincode_Error_Msg.java:32)
at coverFoxUsingTestNG.CF_002Validate_Pincode_Error_Msg.launchCoverFox(CF_002Validate_Pincode_Error_Msg.java:32)
at coverFoxUsingTestNG.CF_002Validate_Pincode_Error_Msg.launchCoverFox(CF_002Validate_Pincode_Error_Msg.java:32)
at coverFoxUsingTestNG.CF_002Validate_Pincode_Error_Msg.launchCoverFox(CF_002Validate_Pincode_Error_Msg.java:32)
at coverFoxUsingTestNG.CF_002Validate_Pincode_Error_Msg.launchCoverFox(CF_002Validate_Pincode_Error_Msg.java:32)
at coverFoxUsingTestNG.CF_002Validate_Pincode_Error_Msg.launchCoverFox(CF_002Validate_Pincode_Error_Msg.java:32)
at coverFoxUsingTestNG.CF_002Validate_Pincode_Error_Msg.launchCoverFox(CF_002Validate_Pincode_Error_Msg.java:32)
at coverFoxUsingTestNG.CF_002Validate_Pincode_Error_Msg.launchCoverFox(CF_002Validate_Pincode_Error_Msg.java:32)
at coverFoxUsingTestNG.CF_002Validate_Pincode_Error_Msg.launchCoverFox(CF_002Validate_Pincode_Error_Msg.java:32)
at coverFoxUsingTestNG.CF_002Validate_Pincode_Error_Msg.launchCoverFox(CF_002Validate_Pincode_Error_Msg.java:32)
at coverFoxUsingTestNG.CF_002Validate_Pincode_Error_Msg.launchCoverFox(CF_002Validate_Pincode_Error_Msg.java:32)
at coverFoxUsingTestNG.CF_002Validate_Pincode_Error_Msg.launchCoverFox(CF_002Validate_Pincode_Error_Msg.java:32)
at coverFoxUsingTestNG.CF_002Validate_Pincode_Error_Msg.launchCoverFox(CF_002Validate_Pincode_Error_Msg.java:32)
at coverFoxUsingTestNG.CF_002Validate_Pincode_Error_Msg.launchCoverFox(CF_002Validate_Pincode_Error_Msg.java:32)
at coverFoxUsingTestNG.CF_002Validate_Pincode_Error_Msg.launchCoverFox(CF_002Validate_Pincode_Error_Msg.java:32)
at coverFoxUsingTestNG.CF_002Validate_Pincode_Error_Msg.launchCoverFox(CF_002Validate_Pincode_Error_Msg.java:32)
at coverFoxUsingTestNG.CF_002Validate_Pincode_Error_Msg.launchCoverFox(CF_002Validate_Pincode_Error_Msg.java:32)
at coverFoxUsingTestNG.CF_002Validate_Pincode_Error_Msg.launchCoverFox(CF_002Validate_Pincode_Error_Msg.java:32)
at coverFoxUsingTestNG.CF_002Validate_Pincode_Error_Msg.launchCoverFox(CF_002Validate_Pincode_Error_Msg.java:32)
at coverFoxUsingTestNG.CF_002Validate_Pincode_Error_Msg.launchCoverFox(CF_002Validate_Pincode_Error_Msg.java:32)
at coverFoxUsingTestNG.CF_002Validate_Pincode_Error_Msg.launchCoverFox(CF_002Validate_Pincode_Error_Msg.java:32)
at coverFoxUsingTestNG.CF_002Validate_Pincode_Error_Msg.launchCoverFox(CF_002Validate_Pincode_Error_Msg.java:32)
at coverFoxUsingTestNG.CF_002Validate_Pincode_Error_Msg.launchCoverFox(CF_002Validate_Pincode_Error_Msg.java:32)
at coverFoxUsingTestNG.CF_002Validate_Pincode_Error_Msg.launchCoverFox(CF_002Validate_Pincode_Error_Msg.java:32)
at coverFoxUsingTestNG.CF_002Validate_Pincode_Error_Msg.launchCoverFox(CF_002Validate_Pincode_Error_Msg.java:32)
at coverFoxUsingTestNG.CF_002Validate_Pincode_Error_Msg.launchCoverFox(CF_002Validate_Pincode_Error_Msg.java:32)
at coverFoxUsingTestNG.CF_002Validate_Pincode_Error_Msg.launchCoverFox(CF_002Validate_Pincode_Error_Msg.java:32)
at coverFoxUsingTestNG.CF_002Validate_Pincode_Error_Msg.launchCoverFox(CF_002Validate_Pincode_Error_Msg.java:32)
at coverFoxUsingTestNG.CF_002Validate_Pincode_Error_Msg.launchCoverFox(CF_002Validate_Pincode_Error_Msg.java:32)
at coverFoxUsingTestNG.CF_002Validate_Pincode_Error_Msg.launchCoverFox(CF_002Validate_Pincode_Error_Msg.java:32)
at coverFoxUsingTestNG.CF_002Validate_Pincode_Error_Msg.launchCoverFox(CF_002Validate_Pincode_Error_Msg.java:32)
at coverFoxUsingTestNG.CF_002Validate_Pincode_Error_Msg.launchCoverFox(CF_002Validate_Pincode_Error_Msg.java:32)
at coverFoxUsingTestNG.CF_002Validate_Pincode_Error_Msg.launchCoverFox(CF_002Validate_Pincode_Error_Msg.java:32)
at coverFoxUsingTestNG.CF_002Validate_Pincode_Error_Msg.launchCoverFox(CF_002Validate_Pincode_Error_Msg.java:32)
at coverFoxUsingTestNG.CF_002Validate_Pincode_Error_Msg.launchCoverFox(CF_002Validate_Pincode_Error_Msg.java:32)
at coverFoxUsingTestNG.CF_002Validate_Pincode_Error_Msg.launchCoverFox(CF_002Validate_Pincode_Error_Msg.java:32)
at coverFoxUsingTestNG.CF_002Validate_Pincode_Error_Msg.launchCoverFox(CF_002Validate_Pincode_Error_Msg.java:32)
at coverFoxUsingTestNG.CF_002Validate_Pincode_Error_Msg.launchCoverFox(CF_002Validate_Pincode_Error_Msg.java:32)
at coverFoxUsingTestNG.CF_002Validate_Pincode_Error_Msg.launchCoverFox(CF_002Validate_Pincode_Error_Msg.java:32)
at coverFoxUsingTestNG.CF_002Validate_Pincode_Error_Msg.launchCoverFox(CF_002Validate_Pincode_Error_Msg.java:32)
at coverFoxUsingTestNG.CF_002Validate_Pincode_Error_Msg.launchCoverFox(CF_002Validate_Pincode_Error_Msg.java:32)
at coverFoxUsingTestNG.CF_002Validate_Pincode_Error_Msg.launchCoverFox(CF_002Validate_Pincode_Error_Msg.java:32)
at coverFoxUsingTestNG.CF_002Validate_Pincode_Error_Msg.launchCoverFox(CF_002Validate_Pincode_Error_Msg.java:32)
at coverFoxUsingTestNG.CF_002Validate_Pincode_Error_Msg.launchCoverFox(CF_002Validate_Pincode_Error_Msg.java:32)
at coverFoxUsingTestNG.CF_002Validate_Pincode_Error_Msg.launchCoverFox(CF_002Validate_Pincode_Error_Msg.java:32)
at coverFoxUsingTestNG.CF_002Validate_Pincode_Error_Msg.launchCoverFox(CF_002Validate_Pincode_Error_Msg.java:32)
at coverFoxUsingTestNG.CF_002Validate_Pincode_Error_Msg.launchCoverFox(CF_002Validate_Pincode_Error_Msg.java:32)
at coverFoxUsingTestNG.CF_002Validate_Pincode_Error_Msg.launchCoverFox(CF_002Validate_Pincode_Error_Msg.java:32)
at coverFoxUsingTestNG.CF_002Validate_Pincode_Error_Msg.launchCoverFox(CF_002Validate_Pincode_Error_Msg.java:32)
at coverFoxUsingTestNG.CF_002Validate_Pincode_Error_Msg.launchCoverFox(CF_002Validate_Pincode_Error_Msg.java:32)
at coverFoxUsingTestNG.CF_002Validate_Pincode_Error_Msg.launchCoverFox(CF_002Validate_Pincode_Error_Msg.java:32)
at coverFoxUsingTestNG.CF_002Validate_Pincode_Error_Msg.launchCoverFox(CF_002Validate_Pincode_Error_Msg.java:32)
at coverFoxUsingTestNG.CF_002Validate_Pincode_Error_Msg.launchCoverFox(CF_002Validate_Pincode_Error_Msg.java:32)
at coverFoxUsingTestNG.CF_002Validate_Pincode_Error_Msg.launchCoverFox(CF_002Validate_Pincode_Error_Msg.java:32)
at coverFoxUsingTestNG.CF_002Validate_Pincode_Error_Msg.launchCoverFox(CF_002Validate_Pincode_Error_Msg.java:32)
at coverFoxUsingTestNG.CF_002Validate_Pincode_Error_Msg.launchCoverFox(CF_002Validate_Pincode_Error_Msg.java:32)
at coverFoxUsingTestNG.CF_002Validate_Pincode_Error_Msg.launchCoverFox(CF_002Validate_Pincode_Error_Msg.java:32)
at coverFoxUsingTestNG.CF_002Validate_Pincode_Error_Msg.launchCoverFox(CF_002Validate_Pincode_Error_Msg.java:32)
at coverFoxUsingTestNG.CF_002Validate_Pincode_Error_Msg.launchCoverFox(CF_002Validate_Pincode_Error_Msg.java:32)
at coverFoxUsingTestNG.CF_002Validate_Pincode_Error_Msg.launchCoverFox(CF_002Validate_Pincode_Error_Msg.java:32)
at coverFoxUsingTestNG.CF_002Validate_Pincode_Error_Msg.launchCoverFox(CF_002Validate_Pincode_Error_Msg.java:32)
at coverFoxUsingTestNG.CF_002Validate_Pincode_Error_Msg.launchCoverFox(CF_002Validate_Pincode_Error_Msg.java:32)
at coverFoxUsingTestNG.CF_002Validate_Pincode_Error_Msg.launchCoverFox(CF_002Validate_Pincode_Error_Msg.java:32)
at coverFoxUsingTestNG.CF_002Validate_Pincode_Error_Msg.launchCoverFox(CF_002Validate_Pincode_Error_Msg.java:32)
at coverFoxUsingTestNG.CF_002Validate_Pincode_Error_Msg.launchCoverFox(CF_002Validate_Pincode_Error_Msg.java:32)
at coverFoxUsingTestNG.CF_002Validate_Pincode_Error_Msg.launchCoverFox(CF_002Validate_Pincode_Error_Msg.java:32)
at coverFoxUsingTestNG.CF_002Validate_Pincode_Error_Msg.launchCoverFox(CF_002Validate_Pincode_Error_Msg.java:32)
at coverFoxUsingTestNG.CF_002Validate_Pincode_Error_Msg.launchCoverFox(CF_002Validate_Pincode_Error_Msg.java:32)
at coverFoxUsingTestNG.CF_002Validate_Pincode_Error_Msg.launchCoverFox(CF_002Validate_Pincode_Error_Msg.java:32)
at coverFoxUsingTestNG.CF_002Validate_Pincode_Error_Msg.launchCoverFox(CF_002Validate_Pincode_Error_Msg.java:32)
at coverFoxUsingTestNG.CF_002Validate_Pincode_Error_Msg.launchCoverFox(CF_002Validate_Pincode_Error_Msg.java:32)
at coverFoxUsingTestNG.CF_002Validate_Pincode_Error_Msg.launchCoverFox(CF_002Validate_Pincode_Error_Msg.java:32)
at coverFoxUsingTestNG.CF_002Validate_Pincode_Error_Msg.launchCoverFox(CF_002Validate_Pincode_Error_Msg.java:32)
at coverFoxUsingTestNG.CF_002Validate_Pincode_Error_Msg.launchCoverFox(CF_002Validate_Pincode_Error_Msg.java:32)
at coverFoxUsingTestNG.CF_002Validate_Pincode_Error_Msg.launchCoverFox(CF_002Validate_Pincode_Error_Msg.java:32)
at coverFoxUsingTestNG.CF_002Validate_Pincode_Error_Msg.launchCoverFox(CF_002Validate_Pincode_Error_Msg.java:32)
at coverFoxUsingTestNG.CF_002Validate_Pincode_Error_Msg.launchCoverFox(CF_002Validate_Pincode_Error_Msg.java:32)
at coverFoxUsingTestNG.CF_002Validate_Pincode_Error_Msg.launchCoverFox(CF_002Validate_Pincode_Error_Msg.java:32)
at coverFoxUsingTestNG.CF_002Validate_Pincode_Error_Msg.launchCoverFox(CF_002Validate_Pincode_Error_Msg.java:32)
at coverFoxUsingTestNG.CF_002Validate_Pincode_Error_Msg.launchCoverFox(CF_002Validate_Pincode_Error_Msg.java:32)
at coverFoxUsingTestNG.CF_002Validate_Pincode_Error_Msg.launchCoverFox(CF_002Validate_Pincode_Error_Msg.java:32)
at coverFoxUsingTestNG.CF_002Validate_Pincode_Error_Msg.launchCoverFox(CF_002Validate_Pincode_Error_Msg.java:32)
at coverFoxUsingTestNG.CF_002Validate_Pincode_Error_Msg.launchCoverFox(CF_002Validate_Pincode_Error_Msg.java:32)
at coverFoxUsingTestNG.CF_002Validate_Pincode_Error_Msg.launchCoverFox(CF_002Validate_Pincode_Error_Msg.java:32)
at coverFoxUsingTestNG.CF_002Validate_Pincode_Error_Msg.launchCoverFox(CF_002Validate_Pincode_Error_Msg.java:32)
at coverFoxUsingTestNG.CF_002Validate_Pincode_Error_Msg.launchCoverFox(CF_002Validate_Pincode_Error_Msg.java:32)
at coverFoxUsingTestNG.CF_002Validate_Pincode_Error_Msg.launchCoverFox(CF_002Validate_Pincode_Error_Msg.java:32)
at coverFoxUsingTestNG.CF_002Validate_Pincode_Error_Msg.launchCoverFox(CF_002Validate_Pincode_Error_Msg.java:32)
at coverFoxUsingTestNG.CF_002Validate_Pincode_Error_Msg.launchCoverFox(CF_002Validate_Pincode_Error_Msg.java:32)
at coverFoxUsingTestNG.CF_002Validate_Pincode_Error_Msg.launchCoverFox(CF_002Validate_Pincode_Error_Msg.java:32)
at coverFoxUsingTestNG.CF_002Validate_Pincode_Error_Msg.launchCoverFox(CF_002Validate_Pincode_Error_Msg.java:32)
at coverFoxUsingTestNG.CF_002Validate_Pincode_Error_Msg.launchCoverFox(CF_002Validate_Pincode_Error_Msg.java:32)
at coverFoxUsingTestNG.CF_002Validate_Pincode_Error_Msg.launchCoverFox(CF_002Validate_Pincode_Error_Msg.java:32)
at coverFoxUsingTestNG.CF_002Validate_Pincode_Error_Msg.launchCoverFox(CF_002Validate_Pincode_Error_Msg.java:32)
at coverFoxUsingTestNG.CF_002Validate_Pincode_Error_Msg.launchCoverFox(CF_002Validate_Pincode_Error_Msg.java:32)
at coverFoxUsingTestNG.CF_002Validate_Pincode_Error_Msg.launchCoverFox(CF_002Validate_Pincode_Error_Msg.java:32)
at coverFoxUsingTestNG.CF_002Validate_Pincode_Error_Msg.launchCoverFox(CF_002Validate_Pincode_Error_Msg.java:32)
at coverFoxUsingTestNG.CF_002Validate_Pincode_Error_Msg.launchCoverFox(CF_002Validate_Pincode_Error_Msg.java:32)
at coverFoxUsingTestNG.CF_002Validate_Pincode_Error_Msg.launchCoverFox(CF_002Validate_Pincode_Error_Msg.java:32)
at coverFoxUsingTestNG.CF_002Validate_Pincode_Error_Msg.launchCoverFox(CF_002Validate_Pincode_Error_Msg.java:32)
at coverFoxUsingTestNG.CF_002Validate_Pincode_Error_Msg.launchCoverFox(CF_002Validate_Pincode_Error_Msg.java:32)
at coverFoxUsingTestNG.CF_002Validate_Pincode_Error_Msg.launchCoverFox(CF_002Validate_Pincode_Error_Msg.java:32)
at coverFoxUsingTestNG.CF_002Validate_Pincode_Error_Msg.launchCoverFox(CF_002Validate_Pincode_Error_Msg.java:32)
[...]
at coverFoxUsingTestNG.CF_002Validate_Pincode_Error_Msg.launchCoverFox(CF_002Validate_Pincode_Error_Msg.java:32)
at coverFoxUsingTestNG.CF_002Validate_Pincode_Error_Msg.launchCoverFox(CF_002Validate_Pincode_Error_Msg.java:32)
at coverFoxUsingTestNG.CF_002Validate_Pincode_Error_Msg.launchCoverFox(CF_002Validate_Pincode_Error_Msg.java:32)
at coverFoxUsingTestNG.CF_002Validate_Pincode_Error_Msg.launchCoverFox(CF_002Validate_Pincode_Error_Msg.java:32)
at coverFoxUsingTestNG.CF_002Validate_Pincode_Error_Msg.launchCoverFox(CF_002Validate_Pincode_Error_Msg.java:32)
at coverFoxUsingTestNG.CF_002Validate_Pincode_Error_Msg.launchCoverFox(CF_002Validate_Pincode_Error_Msg.java:32)
at coverFoxUsingTestNG.CF_002Validate_Pincode_Error_Msg.launchCoverFox(CF_002Validate_Pincode_Error_Msg.java:32)
at coverFoxUsingTestNG.CF_002Validate_Pincode_Error_Msg.launchCoverFox(CF_002Validate_Pincode_Error_Msg.java:32)
at coverFoxUsingTestNG.CF_002Validate_Pincode_Error_Msg.launchCoverFox(CF_002Validate_Pincode_Error_Msg.java:32)
at coverFoxUsingTestNG.CF_002Validate_Pincode_Error_Msg.launchCoverFox(CF_002Validate_Pincode_Error_Msg.java:32)
at coverFoxUsingTestNG.CF_002Validate_Pincode_Error_Msg.launchCoverFox(CF_002Validate_Pincode_Error_Msg.java:32)
at coverFoxUsingTestNG.CF_002Validate_Pincode_Error_Msg.launchCoverFox(CF_002Validate_Pincode_Error_Msg.java:32)
at coverFoxUsingTestNG.CF_002Validate_Pincode_Error_Msg.launchCoverFox(CF_002Validate_Pincode_Error_Msg.java:32)
at coverFoxUsingTestNG.CF_002Validate_Pincode_Error_Msg.launchCoverFox(CF_002Validate_Pincode_Error_Msg.java:32)
at coverFoxUsingTestNG.CF_002Validate_Pincode_Error_Msg.launchCoverFox(CF_002Validate_Pincode_Error_Msg.java:32)
at coverFoxUsingTestNG.CF_002Validate_Pincode_Error_Msg.launchCoverFox(CF_002Validate_Pincode_Error_Msg.java:32)
at coverFoxUsingTestNG.CF_002Validate_Pincode_Error_Msg.launchCoverFox(CF_002Validate_Pincode_Error_Msg.java:32)
at coverFoxUsingTestNG.CF_002Validate_Pincode_Error_Msg.launchCoverFox(CF_002Validate_Pincode_Error_Msg.java:32)
at coverFoxUsingTestNG.CF_002Validate_Pincode_Error_Msg.launchCoverFox(CF_002Validate_Pincode_Error_Msg.java:32)
at coverFoxUsingTestNG.CF_002Validate_Pincode_Error_Msg.launchCoverFox(CF_002Validate_Pincode_Error_Msg.java:32)
at coverFoxUsingTestNG.CF_002Validate_Pincode_Error_Msg.launchCoverFox(CF_002Validate_Pincode_Error_Msg.java:32)
at coverFoxUsingTestNG.CF_002Validate_Pincode_Error_Msg.launchCoverFox(CF_002Validate_Pincode_Error_Msg.java:32)
at coverFoxUsingTestNG.CF_002Validate_Pincode_Error_Msg.launchCoverFox(CF_002Validate_Pincode_Error_Msg.java:32)
at coverFoxUsingTestNG.CF_002Validate_Pincode_Error_Msg.launchCoverFox(CF_002Validate_Pincode_Error_Msg.java:32)
at coverFoxUsingTestNG.CF_002Validate_Pincode_Error_Msg.launchCoverFox(CF_002Validate_Pincode_Error_Msg.java:32)
at coverFoxUsingTestNG.CF_002Validate_Pincode_Error_Msg.launchCoverFox(CF_002Validate_Pincode_Error_Msg.java:32)
at coverFoxUsingTestNG.CF_002Validate_Pincode_Error_Msg.launchCoverFox(CF_002Validate_Pincode_Error_Msg.java:32)
at coverFoxUsingTestNG.CF_002Validate_Pincode_Error_Msg.launchCoverFox(CF_002Validate_Pincode_Error_Msg.java:32)
at coverFoxUsingTestNG.CF_002Validate_Pincode_Error_Msg.launchCoverFox(CF_002Validate_Pincode_Error_Msg.java:32)
at coverFoxUsingTestNG.CF_002Validate_Pincode_Error_Msg.launchCoverFox(CF_002Validate_Pincode_Error_Msg.java:32)
at coverFoxUsingTestNG.CF_002Validate_Pincode_Error_Msg.launchCoverFox(CF_002Validate_Pincode_Error_Msg.java:32)
at coverFoxUsingTestNG.CF_002Validate_Pincode_Error_Msg.launchCoverFox(CF_002Validate_Pincode_Error_Msg.java:32)
at coverFoxUsingTestNG.CF_002Validate_Pincode_Error_Msg.launchCoverFox(CF_002Validate_Pincode_Error_Msg.java:32)
at coverFoxUsingTestNG.CF_002Validate_Pincode_Error_Msg.launchCoverFox(CF_002Validate_Pincode_Error_Msg.java:32)
at coverFoxUsingTestNG.CF_002Validate_Pincode_Error_Msg.launchCoverFox(CF_002Validate_Pincode_Error_Msg.java:32)
at coverFoxUsingTestNG.CF_002Validate_Pincode_Error_Msg.launchCoverFox(CF_002Validate_Pincode_Error_Msg.java:32)
at coverFoxUsingTestNG.CF_002Validate_Pincode_Error_Msg.launchCoverFox(CF_002Validate_Pincode_Error_Msg.java:32)
at coverFoxUsingTestNG.CF_002Validate_Pincode_Error_Msg.launchCoverFox(CF_002Validate_Pincode_Error_Msg.java:32)
at coverFoxUsingTestNG.CF_002Validate_Pincode_Error_Msg.launchCoverFox(CF_002Validate_Pincode_Error_Msg.java:32)
at coverFoxUsingTestNG.CF_002Validate_Pincode_Error_Msg.launchCoverFox(CF_002Validate_Pincode_Error_Msg.java:32)
at coverFoxUsingTestNG.CF_002Validate_Pincode_Error_Msg.launchCoverFox(CF_002Validate_Pincode_Error_Msg.java:32)
at coverFoxUsingTestNG.CF_002Validate_Pincode_Error_Msg.launchCoverFox(CF_002Validate_Pincode_Error_Msg.java:32)
at coverFoxUsingTestNG.CF_002Validate_Pincode_Error_Msg.launchCoverFox(CF_002Validate_Pincode_Error_Msg.java:32)
at coverFoxUsingTestNG.CF_002Validate_Pincode_Error_Msg.launchCoverFox(CF_002Validate_Pincode_Error_Msg.java:32)
at coverFoxUsingTestNG.CF_002Validate_Pincode_Error_Msg.launchCoverFox(CF_002Validate_Pincode_Error_Msg.java:32)
at coverFoxUsingTestNG.CF_002Validate_Pincode_Error_Msg.launchCoverFox(CF_002Validate_Pincode_Error_Msg.java:32)
at coverFoxUsingTestNG.CF_002Validate_Pincode_Error_Msg.launchCoverFox(CF_002Validate_Pincode_Error_Msg.java:32)
at coverFoxUsingTestNG.CF_002Validate_Pincode_Error_Msg.launchCoverFox(CF_002Validate_Pincode_Error_Msg.java:32)
at coverFoxUsingTestNG.CF_002Validate_Pincode_Error_Msg.launchCoverFox(CF_002Validate_Pincode_Error_Msg.java:32)
at coverFoxUsingTestNG.CF_002Validate_Pincode_Error_Msg.launchCoverFox(CF_002Validate_Pincode_Error_Msg.java:32)
at coverFoxUsingTestNG.CF_002Validate_Pincode_Error_Msg.launchCoverFox(CF_002Validate_Pincode_Error_Msg.java:32)
at coverFoxUsingTestNG.CF_002Validate_Pincode_Error_Msg.launchCoverFox(CF_002Validate_Pincode_Error_Msg.java:32)
at coverFoxUsingTestNG.CF_002Validate_Pincode_Error_Msg.launchCoverFox(CF_002Validate_Pincode_Error_Msg.java:32)
at coverFoxUsingTestNG.CF_002Validate_Pincode_Error_Msg.launchCoverFox(CF_002Validate_Pincode_Error_Msg.java:32)
at coverFoxUsingTestNG.CF_002Validate_Pincode_Error_Msg.launchCoverFox(CF_002Validate_Pincode_Error_Msg.java:32)
at coverFoxUsingTestNG.CF_002Validate_Pincode_Error_Msg.launchCoverFox(CF_002Validate_Pincode_Error_Msg.java:32)
at coverFoxUsingTestNG.CF_002Validate_Pincode_Error_Msg.launchCoverFox(CF_002Validate_Pincode_Error_Msg.java:32)
at coverFoxUsingTestNG.CF_002Validate_Pincode_Error_Msg.launchCoverFox(CF_002Validate_Pincode_Error_Msg.java:32)
at coverFoxUsingTestNG.CF_002Validate_Pincode_Error_Msg.launchCoverFox(CF_002Validate_Pincode_Error_Msg.java:32)
at coverFoxUsingTestNG.CF_002Validate_Pincode_Error_Msg.launchCoverFox(CF_002Validate_Pincode_Error_Msg.java:32)
at coverFoxUsingTestNG.CF_002Validate_Pincode_Error_Msg.launchCoverFox(CF_002Validate_Pincode_Error_Msg.java:32)
at coverFoxUsingTestNG.CF_002Validate_Pincode_Error_Msg.launchCoverFox(CF_002Validate_Pincode_Error_Msg.java:32)
at coverFoxUsingTestNG.CF_002Validate_Pincode_Error_Msg.launchCoverFox(CF_002Validate_Pincode_Error_Msg.java:32)
at coverFoxUsingTestNG.CF_002Validate_Pincode_Error_Msg.launchCoverFox(CF_002Validate_Pincode_Error_Msg.java:32)
at coverFoxUsingTestNG.CF_002Validate_Pincode_Error_Msg.launchCoverFox(CF_002Validate_Pincode_Error_Msg.java:32)
at coverFoxUsingTestNG.CF_002Validate_Pincode_Error_Msg.launchCoverFox(CF_002Validate_Pincode_Error_Msg.java:32)
at coverFoxUsingTestNG.CF_002Validate_Pincode_Error_Msg.launchCoverFox(CF_002Validate_Pincode_Error_Msg.java:32)
at coverFoxUsingTestNG.CF_002Validate_Pincode_Error_Msg.launchCoverFox(CF_002Validate_Pincode_Error_Msg.java:32)
at coverFoxUsingTestNG.CF_002Validate_Pincode_Error_Msg.launchCoverFox(CF_002Validate_Pincode_Error_Msg.java:32)
at coverFoxUsingTestNG.CF_002Validate_Pincode_Error_Msg.launchCoverFox(CF_002Validate_Pincode_Error_Msg.java:32)
at coverFoxUsingTestNG.CF_002Validate_Pincode_Error_Msg.launchCoverFox(CF_002Validate_Pincode_Error_Msg.java:32)
at coverFoxUsingTestNG.CF_002Validate_Pincode_Error_Msg.launchCoverFox(CF_002Validate_Pincode_Error_Msg.java:32)
at coverFoxUsingTestNG.CF_002Validate_Pincode_Error_Msg.launchCoverFox(CF_002Validate_Pincode_Error_Msg.java:32)
at coverFoxUsingTestNG.CF_002Validate_Pincode_Error_Msg.launchCoverFox(CF_002Validate_Pincode_Error_Msg.java:32)
at coverFoxUsingTestNG.CF_002Validate_Pincode_Error_Msg.launchCoverFox(CF_002Validate_Pincode_Error_Msg.java:32)
at coverFoxUsingTestNG.CF_002Validate_Pincode_Error_Msg.launchCoverFox(CF_002Validate_Pincode_Error_Msg.java:32)
at coverFoxUsingTestNG.CF_002Validate_Pincode_Error_Msg.launchCoverFox(CF_002Validate_Pincode_Error_Msg.java:32)
at coverFoxUsingTestNG.CF_002Validate_Pincode_Error_Msg.launchCoverFox(CF_002Validate_Pincode_Error_Msg.java:32)
at coverFoxUsingTestNG.CF_002Validate_Pincode_Error_Msg.launchCoverFox(CF_002Validate_Pincode_Error_Msg.java:32)
at coverFoxUsingTestNG.CF_002Validate_Pincode_Error_Msg.launchCoverFox(CF_002Validate_Pincode_Error_Msg.java:32)
at coverFoxUsingTestNG.CF_002Validate_Pincode_Error_Msg.launchCoverFox(CF_002Validate_Pincode_Error_Msg.java:32)
at coverFoxUsingTestNG.CF_002Validate_Pincode_Error_Msg.launchCoverFox(CF_002Validate_Pincode_Error_Msg.java:32)
at coverFoxUsingTestNG.CF_002Validate_Pincode_Error_Msg.launchCoverFox(CF_002Validate_Pincode_Error_Msg.java:32)
at coverFoxUsingTestNG.CF_002Validate_Pincode_Error_Msg.launchCoverFox(CF_002Validate_Pincode_Error_Msg.java:32)
at coverFoxUsingTestNG.CF_002Validate_Pincode_Error_Msg.launchCoverFox(CF_002Validate_Pincode_Error_Msg.java:32)
at coverFoxUsingTestNG.CF_002Validate_Pincode_Error_Msg.launchCoverFox(CF_002Validate_Pincode_Error_Msg.java:32)
at coverFoxUsingTestNG.CF_002Validate_Pincode_Error_Msg.launchCoverFox(CF_002Validate_Pincode_Error_Msg.java:32)
at coverFoxUsingTestNG.CF_002Validate_Pincode_Error_Msg.launchCoverFox(CF_002Validate_Pincode_Error_Msg.java:32)
at coverFoxUsingTestNG.CF_002Validate_Pincode_Error_Msg.launchCoverFox(CF_002Validate_Pincode_Error_Msg.java:32)
at coverFoxUsingTestNG.CF_002Validate_Pincode_Error_Msg.launchCoverFox(CF_002Validate_Pincode_Error_Msg.java:32)
at coverFoxUsingTestNG.CF_002Validate_Pincode_Error_Msg.launchCoverFox(CF_002Validate_Pincode_Error_Msg.java:32)
at coverFoxUsingTestNG.CF_002Validate_Pincode_Error_Msg.launchCoverFox(CF_002Validate_Pincode_Error_Msg.java:32)
at coverFoxUsingTestNG.CF_002Validate_Pincode_Error_Msg.launchCoverFox(CF_002Validate_Pincode_Error_Msg.java:32)
at coverFoxUsingTestNG.CF_002Validate_Pincode_Error_Msg.launchCoverFox(CF_002Validate_Pincode_Error_Msg.java:32)
at coverFoxUsingTestNG.CF_002Validate_Pincode_Error_Msg.launchCoverFox(CF_002Validate_Pincode_Error_Msg.java:32)
at coverFoxUsingTestNG.CF_002Validate_Pincode_Error_Msg.launchCoverFox(CF_002Validate_Pincode_Error_Msg.java:32)
at coverFoxUsingTestNG.CF_002Validate_Pincode_Error_Msg.launchCoverFox(CF_002Validate_Pincode_Error_Msg.java:32)
at coverFoxUsingTestNG.CF_002Validate_Pincode_Error_Msg.launchCoverFox(CF_002Validate_Pincode_Error_Msg.java:32)
at coverFoxUsingTestNG.CF_002Validate_Pincode_Error_Msg.launchCoverFox(CF_002Validate_Pincode_Error_Msg.java:32)
at coverFoxUsingTestNG.CF_002Validate_Pincode_Error_Msg.launchCoverFox(CF_002Validate_Pincode_Error_Msg.java:32)
at coverFoxUsingTestNG.CF_002Validate_Pincode_Error_Msg.launchCoverFox(CF_002Validate_Pincode_Error_Msg.java:32)
at coverFoxUsingTestNG.CF_002Validate_Pincode_Error_Msg.launchCoverFox(CF_002Validate_Pincode_Error_Msg.java:32)
at coverFoxUsingTestNG.CF_002Validate_Pincode_Error_Msg.launchCoverFox(CF_002Validate_Pincode_Error_Msg.java:32)
at coverFoxUsingTestNG.CF_002Validate_Pincode_Error_Msg.launchCoverFox(CF_002Validate_Pincode_Error_Msg.java:32)
at coverFoxUsingTestNG.CF_002Validate_Pincode_Error_Msg.launchCoverFox(CF_002Validate_Pincode_Error_Msg.java:32)
at coverFoxUsingTestNG.CF_002Validate_Pincode_Error_Msg.launchCoverFox(CF_002Validate_Pincode_Error_Msg.java:32)
at coverFoxUsingTestNG.CF_002Validate_Pincode_Error_Msg.launchCoverFox(CF_002Validate_Pincode_Error_Msg.java:32)
at coverFoxUsingTestNG.CF_002Validate_Pincode_Error_Msg.launchCoverFox(CF_002Validate_Pincode_Error_Msg.java:32)
at coverFoxUsingTestNG.CF_002Validate_Pincode_Error_Msg.launchCoverFox(CF_002Validate_Pincode_Error_Msg.java:32)
at coverFoxUsingTestNG.CF_002Validate_Pincode_Error_Msg.launchCoverFox(CF_002Validate_Pincode_Error_Msg.java:32)
at coverFoxUsingTestNG.CF_002Validate_Pincode_Error_Msg.launchCoverFox(CF_002Validate_Pincode_Error_Msg.java:32)
at coverFoxUsingTestNG.CF_002Validate_Pincode_Error_Msg.launchCoverFox(CF_002Validate_Pincode_Error_Msg.java:32)
at coverFoxUsingTestNG.CF_002Validate_Pincode_Error_Msg.launchCoverFox(CF_002Validate_Pincode_Error_Msg.java:32)
at coverFoxUsingTestNG.CF_002Validate_Pincode_Error_Msg.launchCoverFox(CF_002Validate_Pincode_Error_Msg.java:32)
at coverFoxUsingTestNG.CF_002Validate_Pincode_Error_Msg.launchCoverFox(CF_002Validate_Pincode_Error_Msg.java:32)
at coverFoxUsingTestNG.CF_002Validate_Pincode_Error_Msg.launchCoverFox(CF_002Validate_Pincode_Error_Msg.java:32)
at coverFoxUsingTestNG.CF_002Validate_Pincode_Error_Msg.launchCoverFox(CF_002Validate_Pincode_Error_Msg.java:32)
at coverFoxUsingTestNG.CF_002Validate_Pincode_Error_Msg.launchCoverFox(CF_002Validate_Pincode_Error_Msg.java:32)
at coverFoxUsingTestNG.CF_002Validate_Pincode_Error_Msg.launchCoverFox(CF_002Validate_Pincode_Error_Msg.java:32)
at coverFoxUsingTestNG.CF_002Validate_Pincode_Error_Msg.launchCoverFox(CF_002Validate_Pincode_Error_Msg.java:32)
at coverFoxUsingTestNG.CF_002Validate_Pincode_Error_Msg.launchCoverFox(CF_002Validate_Pincode_Error_Msg.java:32)
at coverFoxUsingTestNG.CF_002Validate_Pincode_Error_Msg.launchCoverFox(CF_002Validate_Pincode_Error_Msg.java:32)
at coverFoxUsingTestNG.CF_002Validate_Pincode_Error_Msg.launchCoverFox(CF_002Validate_Pincode_Error_Msg.java:32)
at coverFoxUsingTestNG.CF_002Validate_Pincode_Error_Msg.launchCoverFox(CF_002Validate_Pincode_Error_Msg.java:32)
at coverFoxUsingTestNG.CF_002Validate_Pincode_Error_Msg.launchCoverFox(CF_002Validate_Pincode_Error_Msg.java:32)
at coverFoxUsingTestNG.CF_002Validate_Pincode_Error_Msg.launchCoverFox(CF_002Validate_Pincode_Error_Msg.java:32)
at coverFoxUsingTestNG.CF_002Validate_Pincode_Error_Msg.launchCoverFox(CF_002Validate_Pincode_Error_Msg.java:32)
at coverFoxUsingTestNG.CF_002Validate_Pincode_Error_Msg.launchCoverFox(CF_002Validate_Pincode_Error_Msg.java:32)
at coverFoxUsingTestNG.CF_002Validate_Pincode_Error_Msg.launchCoverFox(CF_002Validate_Pincode_Error_Msg.java:32)
at coverFoxUsingTestNG.CF_002Validate_Pincode_Error_Msg.launchCoverFox(CF_002Validate_Pincode_Error_Msg.java:32)
at coverFoxUsingTestNG.CF_002Validate_Pincode_Error_Msg.launchCoverFox(CF_002Validate_Pincode_Error_Msg.java:32)
at coverFoxUsingTestNG.CF_002Validate_Pincode_Error_Msg.launchCoverFox(CF_002Validate_Pincode_Error_Msg.java:32)
at coverFoxUsingTestNG.CF_002Validate_Pincode_Error_Msg.launchCoverFox(CF_002Validate_Pincode_Error_Msg.java:32)
at coverFoxUsingTestNG.CF_002Validate_Pincode_Error_Msg.launchCoverFox(CF_002Validate_Pincode_Error_Msg.java:32)
at coverFoxUsingTestNG.CF_002Validate_Pincode_Error_Msg.launchCoverFox(CF_002Validate_Pincode_Error_Msg.java:32)
at coverFoxUsingTestNG.CF_002Validate_Pincode_Error_Msg.launchCoverFox(CF_002Validate_Pincode_Error_Msg.java:32)
at coverFoxUsingTestNG.CF_002Validate_Pincode_Error_Msg.launchCoverFox(CF_002Validate_Pincode_Error_Msg.java:32)
at coverFoxUsingTestNG.CF_002Validate_Pincode_Error_Msg.launchCoverFox(CF_002Validate_Pincode_Error_Msg.java:32)
at coverFoxUsingTestNG.CF_002Validate_Pincode_Error_Msg.launchCoverFox(CF_002Validate_Pincode_Error_Msg.java:32)
at coverFoxUsingTestNG.CF_002Validate_Pincode_Error_Msg.launchCoverFox(CF_002Validate_Pincode_Error_Msg.java:32)
at coverFoxUsingTestNG.CF_002Validate_Pincode_Error_Msg.launchCoverFox(CF_002Validate_Pincode_Error_Msg.java:32)
at coverFoxUsingTestNG.CF_002Validate_Pincode_Error_Msg.launchCoverFox(CF_002Validate_Pincode_Error_Msg.java:32)
at coverFoxUsingTestNG.CF_002Validate_Pincode_Error_Msg.launchCoverFox(CF_002Validate_Pincode_Error_Msg.java:32)
at coverFoxUsingTestNG.CF_002Validate_Pincode_Error_Msg.launchCoverFox(CF_002Validate_Pincode_Error_Msg.java:32)
at coverFoxUsingTestNG.CF_002Validate_Pincode_Error_Msg.launchCoverFox(CF_002Validate_Pincode_Error_Msg.java:32)
at coverFoxUsingTestNG.CF_002Validate_Pincode_Error_Msg.launchCoverFox(CF_002Validate_Pincode_Error_Msg.java:32)
at coverFoxUsingTestNG.CF_002Validate_Pincode_Error_Msg.launchCoverFox(CF_002Validate_Pincode_Error_Msg.java:32)
at coverFoxUsingTestNG.CF_002Validate_Pincode_Error_Msg.launchCoverFox(CF_002Validate_Pincode_Error_Msg.java:32)
at coverFoxUsingTestNG.CF_002Validate_Pincode_Error_Msg.launchCoverFox(CF_002Validate_Pincode_Error_Msg.java:32)
at coverFoxUsingTestNG.CF_002Validate_Pincode_Error_Msg.launchCoverFox(CF_002Validate_Pincode_Error_Msg.java:32)
at coverFoxUsingTestNG.CF_002Validate_Pincode_Error_Msg.launchCoverFox(CF_002Validate_Pincode_Error_Msg.java:32)
at coverFoxUsingTestNG.CF_002Validate_Pincode_Error_Msg.launchCoverFox(CF_002Validate_Pincode_Error_Msg.java:32)
at coverFoxUsingTestNG.CF_002Validate_Pincode_Error_Msg.launchCoverFox(CF_002Validate_Pincode_Error_Msg.java:32)
at coverFoxUsingTestNG.CF_002Validate_Pincode_Error_Msg.launchCoverFox(CF_002Validate_Pincode_Error_Msg.java:32)
at coverFoxUsingTestNG.CF_002Validate_Pincode_Error_Msg.launchCoverFox(CF_002Validate_Pincode_Error_Msg.java:32)
at coverFoxUsingTestNG.CF_002Validate_Pincode_Error_Msg.launchCoverFox(CF_002Validate_Pincode_Error_Msg.java:32)
at coverFoxUsingTestNG.CF_002Validate_Pincode_Error_Msg.launchCoverFox(CF_002Validate_Pincode_Error_Msg.java:32)
at coverFoxUsingTestNG.CF_002Validate_Pincode_Error_Msg.launchCoverFox(CF_002Validate_Pincode_Error_Msg.java:32)
at coverFoxUsingTestNG.CF_002Validate_Pincode_Error_Msg.launchCoverFox(CF_002Validate_Pincode_Error_Msg.java:32)
at coverFoxUsingTestNG.CF_002Validate_Pincode_Error_Msg.launchCoverFox(CF_002Validate_Pincode_Error_Msg.java:32)
at coverFoxUsingTestNG.CF_002Validate_Pincode_Error_Msg.launchCoverFox(CF_002Validate_Pincode_Error_Msg.java:32)
at coverFoxUsingTestNG.CF_002Validate_Pincode_Error_Msg.launchCoverFox(CF_002Validate_Pincode_Error_Msg.java:32)
at coverFoxUsingTestNG.CF_002Validate_Pincode_Error_Msg.launchCoverFox(CF_002Validate_Pincode_Error_Msg.java:32)
at coverFoxUsingTestNG.CF_002Validate_Pincode_Error_Msg.launchCoverFox(CF_002Validate_Pincode_Error_Msg.java:32)
at coverFoxUsingTestNG.CF_002Validate_Pincode_Error_Msg.launchCoverFox(CF_002Validate_Pincode_Error_Msg.java:32)
at coverFoxUsingTestNG.CF_002Validate_Pincode_Error_Msg.launchCoverFox(CF_002Validate_Pincode_Error_Msg.java:32)
at coverFoxUsingTestNG.CF_002Validate_Pincode_Error_Msg.launchCoverFox(CF_002Validate_Pincode_Error_Msg.java:32)
at coverFoxUsingTestNG.CF_002Validate_Pincode_Error_Msg.launchCoverFox(CF_002Validate_Pincode_Error_Msg.java:32)
at coverFoxUsingTestNG.CF_002Validate_Pincode_Error_Msg.launchCoverFox(CF_002Validate_Pincode_Error_Msg.java:32)
at coverFoxUsingTestNG.CF_002Validate_Pincode_Error_Msg.launchCoverFox(CF_002Validate_Pincode_Error_Msg.java:32)
at coverFoxUsingTestNG.CF_002Validate_Pincode_Error_Msg.launchCoverFox(CF_002Validate_Pincode_Error_Msg.java:32)
at coverFoxUsingTestNG.CF_002Validate_Pincode_Error_Msg.launchCoverFox(CF_002Validate_Pincode_Error_Msg.java:32)
at coverFoxUsingTestNG.CF_002Validate_Pincode_Error_Msg.launchCoverFox(CF_002Validate_Pincode_Error_Msg.java:32)
at coverFoxUsingTestNG.CF_002Validate_Pincode_Error_Msg.launchCoverFox(CF_002Validate_Pincode_Error_Msg.java:32)
]]>
    </error>
  </testcase> <!-- launchCoverFox -->
  <system-out>
    <![CDATA[validate_Pincode_ErrorMsg execution is started
validate_Pincode_ErrorMsg is skipped, please check dependent method]]>
  </system-out>
</testsuite> <!-- coverFoxUsingTestNG.CF_002Validate_Pincode_Error_Msg -->
